#
# There is insufficient memory for the Java Runtime Environment to continue.
# Native memory allocation (malloc) failed to allocate 623584 bytes. Error detail: Chunk::new
# Possible reasons:
#   The system is out of physical RAM or swap space
#   This process is running with CompressedOops enabled, and the Java Heap may be blocking the growth of the native heap
# Possible solutions:
#   Reduce memory load on the system
#   Increase physical memory or swap space
#   Check if swap backing store is full
#   Decrease Java heap size (-Xmx/-Xms)
#   Decrease number of Java threads
#   Decrease Java thread stack sizes (-Xss)
#   Set larger code cache with -XX:ReservedCodeCacheSize=
#   JVM is running with Unscaled Compressed Oops mode in which the Java heap is
#     placed in the first 4GB address space. The Java Heap base address is the
#     maximum limit for the native heap growth. Please use -XX:HeapBaseMinAddress
#     to set the Java Heap base and to place the Java Heap above 4GB virtual address.
# This output file may be truncated or incomplete.
#
#  Out of Memory Error (arena.cpp:150), pid=25620, tid=23104
#
# JRE version: OpenJDK Runtime Environment Corretto-22.0.2.9.1 (22.0.2+9) (build 22.0.2+9-FR)
# Java VM: OpenJDK 64-Bit Server VM Corretto-22.0.2.9.1 (22.0.2+9-FR, mixed mode, sharing, tiered, compressed oops, compressed class ptrs, g1 gc, windows-amd64)
# No core dump will be written. Minidumps are not enabled by default on client versions of Windows
#

---------------  S U M M A R Y ------------

Command Line: --add-opens=java.base/java.lang=ALL-UNNAMED --add-opens=java.base/java.lang.invoke=ALL-UNNAMED --add-opens=java.base/java.util=ALL-UNNAMED --add-opens=java.prefs/java.util.prefs=ALL-UNNAMED --add-exports=jdk.compiler/com.sun.tools.javac.api=ALL-UNNAMED --add-exports=jdk.compiler/com.sun.tools.javac.util=ALL-UNNAMED --add-opens=java.base/java.util=ALL-UNNAMED --add-opens=java.prefs/java.util.prefs=ALL-UNNAMED --add-opens=java.base/java.nio.charset=ALL-UNNAMED --add-opens=java.base/java.net=ALL-UNNAMED --add-opens=java.base/java.util.concurrent.atomic=ALL-UNNAMED --add-opens=java.xml/javax.xml.namespace=ALL-UNNAMED -XX:MaxMetaspaceSize=384m -XX:+HeapDumpOnOutOfMemoryError -Xms256m -Xmx512m -Dfile.encoding=UTF-8 -Duser.country=US -Duser.language=en -Duser.variant -javaagent:C:\Users\marco\.gradle\wrapper\dists\gradle-8.13-bin\5xuhj0ry160q40clulazy9h7d\gradle-8.13\lib\agents\gradle-instrumentation-agent-8.13.jar org.gradle.launcher.daemon.bootstrap.GradleDaemon 8.13

Host: AMD Ryzen 5 7530U with Radeon Graphics         , 12 cores, 5G,  Windows 11 , 64 bit Build 22621 (10.0.22621.4830)
Time: Mon May  5 16:04:14 2025 Central European Daylight Time elapsed time: 440.781310 seconds (0d 0h 7m 20s)

---------------  T H R E A D  ---------------

Current thread (0x000001e9e5004c80):  JavaThread "C2 CompilerThread0" daemon [_thread_in_native, id=23104, stack(0x0000008c6ba00000,0x0000008c6bb00000) (1024K)]


Current CompileTask:
C2:440785 5843       4       java.lang.PublicMethods::merge (81 bytes)

Stack: [0x0000008c6ba00000,0x0000008c6bb00000]
Native frames: (J=compiled Java code, j=interpreted, Vv=VM code, C=native code)
V  [jvm.dll+0x6f7bb9]  (no source info available)
V  [jvm.dll+0x8dc245]  (no source info available)
V  [jvm.dll+0x8de4ae]  (no source info available)
V  [jvm.dll+0x8deb93]  (no source info available)
V  [jvm.dll+0x28d336]  (no source info available)
V  [jvm.dll+0xc500f]  (no source info available)
V  [jvm.dll+0xc526b]  (no source info available)
V  [jvm.dll+0x3cbe8b]  (no source info available)
V  [jvm.dll+0x39813d]  (no source info available)
V  [jvm.dll+0x3975aa]  (no source info available)
V  [jvm.dll+0x253fe0]  (no source info available)
V  [jvm.dll+0x2537f1]  (no source info available)
V  [jvm.dll+0x1cef4a]  (no source info available)
V  [jvm.dll+0x263335]  (no source info available)
V  [jvm.dll+0x2615fb]  (no source info available)
V  [jvm.dll+0x407456]  (no source info available)
V  [jvm.dll+0x883778]  (no source info available)
V  [jvm.dll+0x6f63c5]  (no source info available)
C  [ucrtbase.dll+0x29333]  (no source info available)
C  [KERNEL32.DLL+0x1259d]  (no source info available)
C  [ntdll.dll+0x5af38]  (no source info available)


---------------  P R O C E S S  ---------------

Threads class SMR info:
_java_thread_list=0x000001e9e6eccae0, length=41, elements={
0x000001e9b0bbd920, 0x000001e9cbd5a990, 0x000001e9cbd5b8b0, 0x000001e9cbd5dbe0,
0x000001e9cbd5e640, 0x000001e9e5003490, 0x000001e9e5003ef0, 0x000001e9e5004c80,
0x000001e9e5005730, 0x000001e9e51000f0, 0x000001e9e52a2ba0, 0x000001e9e68bfef0,
0x000001e9e677a150, 0x000001e9e512d9e0, 0x000001e9e5dd0340, 0x000001e9e52f15b0,
0x000001e9e602cab0, 0x000001e9e602b700, 0x000001e9e602e4f0, 0x000001e9e602d140,
0x000001e9e602b070, 0x000001e9e602bd90, 0x000001e9e602de60, 0x000001e9e602c420,
0x000001e9e602d7d0, 0x000001e9e6bc5d20, 0x000001e9e6bc2f30, 0x000001e9e6bc7760,
0x000001e9e6bc14f0, 0x000001e9e6bc6a40, 0x000001e9e6bc70d0, 0x000001e9e6bc7df0,
0x000001e9e6bc35c0, 0x000001e9e6bc0e60, 0x000001e9e6bc4970, 0x000001e9e6bc1b80,
0x000001e9e6bc2210, 0x000001e9e6bc28a0, 0x000001e9e6bc3c50, 0x000001e9e6bc42e0,
0x000001e9e6bc5000
}

Java Threads: ( => current thread )
  0x000001e9b0bbd920 JavaThread "main"                              [_thread_blocked, id=11044, stack(0x0000008c6aa00000,0x0000008c6ab00000) (1024K)]
  0x000001e9cbd5a990 JavaThread "Reference Handler"          daemon [_thread_blocked, id=6444, stack(0x0000008c6b400000,0x0000008c6b500000) (1024K)]
  0x000001e9cbd5b8b0 JavaThread "Finalizer"                  daemon [_thread_blocked, id=33784, stack(0x0000008c6b500000,0x0000008c6b600000) (1024K)]
  0x000001e9cbd5dbe0 JavaThread "Signal Dispatcher"          daemon [_thread_blocked, id=13528, stack(0x0000008c6b600000,0x0000008c6b700000) (1024K)]
  0x000001e9cbd5e640 JavaThread "Attach Listener"            daemon [_thread_blocked, id=4316, stack(0x0000008c6b700000,0x0000008c6b800000) (1024K)]
  0x000001e9e5003490 JavaThread "Service Thread"             daemon [_thread_blocked, id=32152, stack(0x0000008c6b800000,0x0000008c6b900000) (1024K)]
  0x000001e9e5003ef0 JavaThread "Monitor Deflation Thread"   daemon [_thread_blocked, id=24732, stack(0x0000008c6b900000,0x0000008c6ba00000) (1024K)]
=>0x000001e9e5004c80 JavaThread "C2 CompilerThread0"         daemon [_thread_in_native, id=23104, stack(0x0000008c6ba00000,0x0000008c6bb00000) (1024K)]
  0x000001e9e5005730 JavaThread "C1 CompilerThread0"         daemon [_thread_blocked, id=19784, stack(0x0000008c6bb00000,0x0000008c6bc00000) (1024K)]
  0x000001e9e51000f0 JavaThread "Common-Cleaner"             daemon [_thread_blocked, id=31896, stack(0x0000008c6bc00000,0x0000008c6bd00000) (1024K)]
  0x000001e9e52a2ba0 JavaThread "Notification Thread"        daemon [_thread_blocked, id=7580, stack(0x0000008c6bd00000,0x0000008c6be00000) (1024K)]
  0x000001e9e68bfef0 JavaThread "Daemon health stats"               [_thread_blocked, id=34040, stack(0x0000008c6c600000,0x0000008c6c700000) (1024K)]
  0x000001e9e677a150 JavaThread "Incoming local TCP Connector on port 60374"        [_thread_in_native, id=12524, stack(0x0000008c6c700000,0x0000008c6c800000) (1024K)]
  0x000001e9e512d9e0 JavaThread "Daemon periodic checks"            [_thread_blocked, id=22656, stack(0x0000008c6c800000,0x0000008c6c900000) (1024K)]
  0x000001e9e5dd0340 JavaThread "Daemon"                            [_thread_blocked, id=7576, stack(0x0000008c6c900000,0x0000008c6ca00000) (1024K)]
  0x000001e9e52f15b0 JavaThread "Handler for socket connection from /127.0.0.1:60374 to /127.0.0.1:60380"        [_thread_in_native, id=30680, stack(0x0000008c6ca00000,0x0000008c6cb00000) (1024K)]
  0x000001e9e602cab0 JavaThread "Cancel handler"                    [_thread_blocked, id=30888, stack(0x0000008c6cb00000,0x0000008c6cc00000) (1024K)]
  0x000001e9e602b700 JavaThread "Daemon worker"                     [_thread_in_Java, id=18484, stack(0x0000008c6cc00000,0x0000008c6cd00000) (1024K)]
  0x000001e9e602e4f0 JavaThread "Asynchronous log dispatcher for DefaultDaemonConnection: socket connection from /127.0.0.1:60374 to /127.0.0.1:60380"        [_thread_blocked, id=12504, stack(0x0000008c6cd00000,0x0000008c6ce00000) (1024K)]
  0x000001e9e602d140 JavaThread "Stdin handler"                     [_thread_blocked, id=27876, stack(0x0000008c6ce00000,0x0000008c6cf00000) (1024K)]
  0x000001e9e602b070 JavaThread "Daemon client event forwarder"        [_thread_blocked, id=9496, stack(0x0000008c6cf00000,0x0000008c6d000000) (1024K)]
  0x000001e9e602bd90 JavaThread "Cache worker for journal cache (C:\Users\marco\.gradle\caches\journal-1)"        [_thread_blocked, id=27684, stack(0x0000008c6a900000,0x0000008c6aa00000) (1024K)]
  0x000001e9e602de60 JavaThread "File lock request listener"        [_thread_in_native, id=22448, stack(0x0000008c6ab00000,0x0000008c6ac00000) (1024K)]
  0x000001e9e602c420 JavaThread "Cache worker for file hash cache (C:\Users\marco\.gradle\caches\8.13\fileHashes)"        [_thread_blocked, id=31948, stack(0x0000008c6b300000,0x0000008c6b400000) (1024K)]
  0x000001e9e602d7d0 JavaThread "File lock release action executor"        [_thread_blocked, id=11548, stack(0x0000008c6d000000,0x0000008c6d100000) (1024K)]
  0x000001e9e6bc5d20 JavaThread "Cache worker for file hash cache (C:\Users\marco\s30019-TPO08\.gradle\8.13\fileHashes)"        [_thread_blocked, id=16720, stack(0x0000008c6d400000,0x0000008c6d500000) (1024K)]
  0x000001e9e6bc2f30 JavaThread "Cache worker for Build Output Cleanup Cache (C:\Users\marco\s30019-TPO08\.gradle\buildOutputCleanup)"        [_thread_blocked, id=6284, stack(0x0000008c6d500000,0x0000008c6d600000) (1024K)]
  0x000001e9e6bc7760 JavaThread "File watcher server"        daemon [_thread_in_native, id=30692, stack(0x0000008c6d600000,0x0000008c6d700000) (1024K)]
  0x000001e9e6bc14f0 JavaThread "File watcher consumer"      daemon [_thread_blocked, id=28084, stack(0x0000008c6d700000,0x0000008c6d800000) (1024K)]
  0x000001e9e6bc6a40 JavaThread "jar transforms"                    [_thread_blocked, id=16944, stack(0x0000008c6d800000,0x0000008c6d900000) (1024K)]
  0x000001e9e6bc70d0 JavaThread "jar transforms Thread 2"           [_thread_blocked, id=22456, stack(0x0000008c6d900000,0x0000008c6da00000) (1024K)]
  0x000001e9e6bc7df0 JavaThread "Cache worker for checksums cache (C:\Users\marco\s30019-TPO08\.gradle\8.13\checksums)"        [_thread_blocked, id=15172, stack(0x0000008c6da00000,0x0000008c6db00000) (1024K)]
  0x000001e9e6bc35c0 JavaThread "Cache worker for file content cache (C:\Users\marco\.gradle\caches\8.13\fileContent)"        [_thread_blocked, id=29940, stack(0x0000008c6db00000,0x0000008c6dc00000) (1024K)]
  0x000001e9e6bc0e60 JavaThread "jar transforms Thread 3"           [_thread_blocked, id=4696, stack(0x0000008c6dc00000,0x0000008c6dd00000) (1024K)]
  0x000001e9e6bc4970 JavaThread "Cache worker for cache directory md-supplier (C:\Users\marco\.gradle\caches\8.13\md-supplier)"        [_thread_blocked, id=26232, stack(0x0000008c6dd00000,0x0000008c6de00000) (1024K)]
  0x000001e9e6bc1b80 JavaThread "Cache worker for cache directory md-rule (C:\Users\marco\.gradle\caches\8.13\md-rule)"        [_thread_blocked, id=21124, stack(0x0000008c6de00000,0x0000008c6df00000) (1024K)]
  0x000001e9e6bc2210 JavaThread "Unconstrained build operations"        [_thread_blocked, id=35712, stack(0x0000008c6df00000,0x0000008c6e000000) (1024K)]
  0x000001e9e6bc28a0 JavaThread "Unconstrained build operations Thread 2"        [_thread_blocked, id=33252, stack(0x0000008c6e000000,0x0000008c6e100000) (1024K)]
  0x000001e9e6bc3c50 JavaThread "jar transforms Thread 4"           [_thread_blocked, id=23824, stack(0x0000008c6e300000,0x0000008c6e400000) (1024K)]
  0x000001e9e6bc42e0 JavaThread "jar transforms Thread 5"           [_thread_blocked, id=34972, stack(0x0000008c6e400000,0x0000008c6e500000) (1024K)]
  0x000001e9e6bc5000 JavaThread "jar transforms Thread 6"           [_thread_blocked, id=35076, stack(0x0000008c6e100000,0x0000008c6e200000) (1024K)]
Total: 41

Other Threads:
  0x000001e9cbd3dd10 VMThread "VM Thread"                           [id=34340, stack(0x0000008c6b200000,0x0000008c6b300000) (1024K)]
  0x000001e9cbd26950 WatcherThread "VM Periodic Task Thread"        [id=1484, stack(0x0000008c6b100000,0x0000008c6b200000) (1024K)]
  0x000001e9b0be9d60 WorkerThread "GC Thread#0"                     [id=31904, stack(0x0000008c6ac00000,0x0000008c6ad00000) (1024K)]
  0x000001e9e54a0cf0 WorkerThread "GC Thread#1"                     [id=16792, stack(0x0000008c6be00000,0x0000008c6bf00000) (1024K)]
  0x000001e9e56446a0 WorkerThread "GC Thread#2"                     [id=28652, stack(0x0000008c6bf00000,0x0000008c6c000000) (1024K)]
  0x000001e9e5644a50 WorkerThread "GC Thread#3"                     [id=16660, stack(0x0000008c6c000000,0x0000008c6c100000) (1024K)]
  0x000001e9e5644e00 WorkerThread "GC Thread#4"                     [id=21940, stack(0x0000008c6c100000,0x0000008c6c200000) (1024K)]
  0x000001e9e56451b0 WorkerThread "GC Thread#5"                     [id=29824, stack(0x0000008c6c200000,0x0000008c6c300000) (1024K)]
  0x000001e9e5089930 WorkerThread "GC Thread#6"                     [id=23628, stack(0x0000008c6c300000,0x0000008c6c400000) (1024K)]
  0x000001e9e5089ce0 WorkerThread "GC Thread#7"                     [id=33516, stack(0x0000008c6c400000,0x0000008c6c500000) (1024K)]
  0x000001e9e508a090 WorkerThread "GC Thread#8"                     [id=22992, stack(0x0000008c6c500000,0x0000008c6c600000) (1024K)]
  0x000001e9e56b1820 WorkerThread "GC Thread#9"                     [id=17720, stack(0x0000008c6d100000,0x0000008c6d200000) (1024K)]
  0x000001e9b0befd60 ConcurrentGCThread "G1 Main Marker"            [id=19236, stack(0x0000008c6ad00000,0x0000008c6ae00000) (1024K)]
  0x000001e9b0bf1080 WorkerThread "G1 Conc#0"                       [id=28444, stack(0x0000008c6ae00000,0x0000008c6af00000) (1024K)]
  0x000001e9e655d380 WorkerThread "G1 Conc#1"                       [id=9816, stack(0x0000008c6d200000,0x0000008c6d300000) (1024K)]
  0x000001e9e655f4b0 WorkerThread "G1 Conc#2"                       [id=19364, stack(0x0000008c6d300000,0x0000008c6d400000) (1024K)]
  0x000001e9b0c7e7e0 ConcurrentGCThread "G1 Refine#0"               [id=33376, stack(0x0000008c6af00000,0x0000008c6b000000) (1024K)]
  0x000001e9cbbf9a00 ConcurrentGCThread "G1 Service"                [id=32188, stack(0x0000008c6b000000,0x0000008c6b100000) (1024K)]
Total: 18

Threads with active compile tasks:
C2 CompilerThread0  441838 5843       4       java.lang.PublicMethods::merge (81 bytes)
Total: 1

VM state: not at safepoint (normal execution)

VM Mutex/Monitor currently owned by a thread: None

Heap address: 0x00000000e0000000, size: 512 MB, Compressed Oops mode: 32-bit

CDS archive(s) mapped at: [0x000001e9cc000000-0x000001e9ccc60000-0x000001e9ccc60000), size 12976128, SharedBaseAddress: 0x000001e9cc000000, ArchiveRelocationMode: 1.
Compressed class space mapped at: 0x000001e9cd000000-0x000001e9e1000000, reserved size: 335544320
Narrow klass base: 0x000001e9cc000000, Narrow klass shift: 0, Narrow klass range: 0x15000000

GC Precious Log:
 CardTable entry size: 512
 Card Set container configuration: InlinePtr #cards 5 size 8 Array Of Cards #cards 12 size 40 Howl #buckets 4 coarsen threshold 1843 Howl Bitmap #cards 512 size 80 coarsen threshold 460 Card regions per heap region 1 cards per card region 2048
 CPUs: 12 total, 12 available
 Memory: 5981M
 Large Page Support: Disabled
 NUMA Support: Disabled
 Compressed Oops: Enabled (32-bit)
 Heap Region Size: 1M
 Heap Min Capacity: 256M
 Heap Initial Capacity: 256M
 Heap Max Capacity: 512M
 Pre-touch: Disabled
 Parallel Workers: 10
 Concurrent Workers: 3
 Concurrent Refinement Workers: 10
 Periodic GC: Disabled

Heap:
 garbage-first heap   total reserved 524288K, committed 262144K, used 70916K [0x00000000e0000000, 0x0000000100000000)
  region size 1024K, 39 young (39936K), 4 survivors (4096K)
 Metaspace       used 43548K, committed 45120K, reserved 393216K
  class space    used 6395K, committed 7168K, reserved 327680K

Heap Regions: E=young(eden), S=young(survivor), O=old, HS=humongous(starts), HC=humongous(continues), CS=collection set, F=free, TAMS=top-at-mark-start, PB=parsable bottom
|   0|0x00000000e0000000, 0x00000000e0100000, 0x00000000e0100000|100%| O|  |TAMS 0x00000000e0000000| PB 0x00000000e0000000| Untracked |  0
|   1|0x00000000e0100000, 0x00000000e0200000, 0x00000000e0200000|100%|HS|  |TAMS 0x00000000e0100000| PB 0x00000000e0100000| Complete |  0
|   2|0x00000000e0200000, 0x00000000e0300000, 0x00000000e0300000|100%|HC|  |TAMS 0x00000000e0200000| PB 0x00000000e0200000| Complete |  0
|   3|0x00000000e0300000, 0x00000000e0400000, 0x00000000e0400000|100%|HC|  |TAMS 0x00000000e0300000| PB 0x00000000e0300000| Complete |  0
|   4|0x00000000e0400000, 0x00000000e0500000, 0x00000000e0500000|100%| O|  |TAMS 0x00000000e0400000| PB 0x00000000e0400000| Untracked |  0
|   5|0x00000000e0500000, 0x00000000e0600000, 0x00000000e0600000|100%| O|  |TAMS 0x00000000e0500000| PB 0x00000000e0500000| Untracked |  0
|   6|0x00000000e0600000, 0x00000000e0700000, 0x00000000e0700000|100%| O|  |TAMS 0x00000000e0600000| PB 0x00000000e0600000| Untracked |  0
|   7|0x00000000e0700000, 0x00000000e0800000, 0x00000000e0800000|100%|HS|  |TAMS 0x00000000e0700000| PB 0x00000000e0700000| Complete |  0
|   8|0x00000000e0800000, 0x00000000e0900000, 0x00000000e0900000|100%| O|  |TAMS 0x00000000e0800000| PB 0x00000000e0800000| Untracked |  0
|   9|0x00000000e0900000, 0x00000000e0a00000, 0x00000000e0a00000|100%| O|  |TAMS 0x00000000e0900000| PB 0x00000000e0900000| Untracked |  0
|  10|0x00000000e0a00000, 0x00000000e0b00000, 0x00000000e0b00000|100%| O|  |TAMS 0x00000000e0a00000| PB 0x00000000e0a00000| Untracked |  0
|  11|0x00000000e0b00000, 0x00000000e0c00000, 0x00000000e0c00000|100%| O|  |TAMS 0x00000000e0b00000| PB 0x00000000e0b00000| Untracked |  0
|  12|0x00000000e0c00000, 0x00000000e0d00000, 0x00000000e0d00000|100%| O|  |TAMS 0x00000000e0c00000| PB 0x00000000e0c00000| Untracked |  0
|  13|0x00000000e0d00000, 0x00000000e0e00000, 0x00000000e0e00000|100%| O|  |TAMS 0x00000000e0d00000| PB 0x00000000e0d00000| Untracked |  0
|  14|0x00000000e0e00000, 0x00000000e0f00000, 0x00000000e0f00000|100%| O|  |TAMS 0x00000000e0e00000| PB 0x00000000e0e00000| Untracked |  0
|  15|0x00000000e0f00000, 0x00000000e1000000, 0x00000000e1000000|100%| O|  |TAMS 0x00000000e0f00000| PB 0x00000000e0f00000| Untracked |  0
|  16|0x00000000e1000000, 0x00000000e1100000, 0x00000000e1100000|100%| O|  |TAMS 0x00000000e1000000| PB 0x00000000e1000000| Untracked |  0
|  17|0x00000000e1100000, 0x00000000e1200000, 0x00000000e1200000|100%| O|  |TAMS 0x00000000e1100000| PB 0x00000000e1100000| Untracked |  0
|  18|0x00000000e1200000, 0x00000000e1300000, 0x00000000e1300000|100%| O|  |TAMS 0x00000000e1200000| PB 0x00000000e1200000| Untracked |  0
|  19|0x00000000e1300000, 0x00000000e1400000, 0x00000000e1400000|100%| O|  |TAMS 0x00000000e1300000| PB 0x00000000e1300000| Untracked |  0
|  20|0x00000000e1400000, 0x00000000e1500000, 0x00000000e1500000|100%| O|  |TAMS 0x00000000e1400000| PB 0x00000000e1400000| Untracked |  0
|  21|0x00000000e1500000, 0x00000000e1600000, 0x00000000e1600000|100%| O|  |TAMS 0x00000000e1500000| PB 0x00000000e1500000| Untracked |  0
|  22|0x00000000e1600000, 0x00000000e1700000, 0x00000000e1700000|100%| O|  |TAMS 0x00000000e1600000| PB 0x00000000e1600000| Untracked |  0
|  23|0x00000000e1700000, 0x00000000e1700000, 0x00000000e1800000|  0%| F|  |TAMS 0x00000000e1700000| PB 0x00000000e1700000| Untracked |  0
|  24|0x00000000e1800000, 0x00000000e1900000, 0x00000000e1900000|100%| O|  |TAMS 0x00000000e1800000| PB 0x00000000e1800000| Untracked |  0
|  25|0x00000000e1900000, 0x00000000e1a00000, 0x00000000e1a00000|100%| O|  |TAMS 0x00000000e1900000| PB 0x00000000e1900000| Untracked |  0
|  26|0x00000000e1a00000, 0x00000000e1b00000, 0x00000000e1b00000|100%| O|  |TAMS 0x00000000e1a00000| PB 0x00000000e1a00000| Untracked |  0
|  27|0x00000000e1b00000, 0x00000000e1c00000, 0x00000000e1c00000|100%| O|  |TAMS 0x00000000e1b00000| PB 0x00000000e1b00000| Untracked |  0
|  28|0x00000000e1c00000, 0x00000000e1d00000, 0x00000000e1d00000|100%| O|  |TAMS 0x00000000e1c00000| PB 0x00000000e1c00000| Untracked |  0
|  29|0x00000000e1d00000, 0x00000000e1e00000, 0x00000000e1e00000|100%| O|  |TAMS 0x00000000e1d00000| PB 0x00000000e1d00000| Untracked |  0
|  30|0x00000000e1e00000, 0x00000000e1f00000, 0x00000000e1f00000|100%| O|  |TAMS 0x00000000e1e00000| PB 0x00000000e1e00000| Untracked |  0
|  31|0x00000000e1f00000, 0x00000000e2000000, 0x00000000e2000000|100%| O|  |TAMS 0x00000000e1f00000| PB 0x00000000e1f00000| Untracked |  0
|  32|0x00000000e2000000, 0x00000000e2100000, 0x00000000e2100000|100%| O|  |TAMS 0x00000000e2000000| PB 0x00000000e2000000| Untracked |  0
|  33|0x00000000e2100000, 0x00000000e21ad6a8, 0x00000000e2200000| 67%| O|  |TAMS 0x00000000e2100000| PB 0x00000000e2100000| Untracked |  0
|  34|0x00000000e2200000, 0x00000000e2200000, 0x00000000e2300000|  0%| F|  |TAMS 0x00000000e2200000| PB 0x00000000e2200000| Untracked |  0
|  35|0x00000000e2300000, 0x00000000e2300000, 0x00000000e2400000|  0%| F|  |TAMS 0x00000000e2300000| PB 0x00000000e2300000| Untracked |  0
|  36|0x00000000e2400000, 0x00000000e2400000, 0x00000000e2500000|  0%| F|  |TAMS 0x00000000e2400000| PB 0x00000000e2400000| Untracked |  0
|  37|0x00000000e2500000, 0x00000000e2500000, 0x00000000e2600000|  0%| F|  |TAMS 0x00000000e2500000| PB 0x00000000e2500000| Untracked |  0
|  38|0x00000000e2600000, 0x00000000e2600000, 0x00000000e2700000|  0%| F|  |TAMS 0x00000000e2600000| PB 0x00000000e2600000| Untracked |  0
|  39|0x00000000e2700000, 0x00000000e2700000, 0x00000000e2800000|  0%| F|  |TAMS 0x00000000e2700000| PB 0x00000000e2700000| Untracked |  0
|  40|0x00000000e2800000, 0x00000000e2800000, 0x00000000e2900000|  0%| F|  |TAMS 0x00000000e2800000| PB 0x00000000e2800000| Untracked |  0
|  41|0x00000000e2900000, 0x00000000e2900000, 0x00000000e2a00000|  0%| F|  |TAMS 0x00000000e2900000| PB 0x00000000e2900000| Untracked |  0
|  42|0x00000000e2a00000, 0x00000000e2a00000, 0x00000000e2b00000|  0%| F|  |TAMS 0x00000000e2a00000| PB 0x00000000e2a00000| Untracked |  0
|  43|0x00000000e2b00000, 0x00000000e2b00000, 0x00000000e2c00000|  0%| F|  |TAMS 0x00000000e2b00000| PB 0x00000000e2b00000| Untracked |  0
|  44|0x00000000e2c00000, 0x00000000e2c00000, 0x00000000e2d00000|  0%| F|  |TAMS 0x00000000e2c00000| PB 0x00000000e2c00000| Untracked |  0
|  45|0x00000000e2d00000, 0x00000000e2d00000, 0x00000000e2e00000|  0%| F|  |TAMS 0x00000000e2d00000| PB 0x00000000e2d00000| Untracked |  0
|  46|0x00000000e2e00000, 0x00000000e2e00000, 0x00000000e2f00000|  0%| F|  |TAMS 0x00000000e2e00000| PB 0x00000000e2e00000| Untracked |  0
|  47|0x00000000e2f00000, 0x00000000e2f00000, 0x00000000e3000000|  0%| F|  |TAMS 0x00000000e2f00000| PB 0x00000000e2f00000| Untracked |  0
|  48|0x00000000e3000000, 0x00000000e3000000, 0x00000000e3100000|  0%| F|  |TAMS 0x00000000e3000000| PB 0x00000000e3000000| Untracked |  0
|  49|0x00000000e3100000, 0x00000000e3100000, 0x00000000e3200000|  0%| F|  |TAMS 0x00000000e3100000| PB 0x00000000e3100000| Untracked |  0
|  50|0x00000000e3200000, 0x00000000e3200000, 0x00000000e3300000|  0%| F|  |TAMS 0x00000000e3200000| PB 0x00000000e3200000| Untracked |  0
|  51|0x00000000e3300000, 0x00000000e3300000, 0x00000000e3400000|  0%| F|  |TAMS 0x00000000e3300000| PB 0x00000000e3300000| Untracked |  0
|  52|0x00000000e3400000, 0x00000000e3400000, 0x00000000e3500000|  0%| F|  |TAMS 0x00000000e3400000| PB 0x00000000e3400000| Untracked |  0
|  53|0x00000000e3500000, 0x00000000e3500000, 0x00000000e3600000|  0%| F|  |TAMS 0x00000000e3500000| PB 0x00000000e3500000| Untracked |  0
|  54|0x00000000e3600000, 0x00000000e3600000, 0x00000000e3700000|  0%| F|  |TAMS 0x00000000e3600000| PB 0x00000000e3600000| Untracked |  0
|  55|0x00000000e3700000, 0x00000000e3700000, 0x00000000e3800000|  0%| F|  |TAMS 0x00000000e3700000| PB 0x00000000e3700000| Untracked |  0
|  56|0x00000000e3800000, 0x00000000e3800000, 0x00000000e3900000|  0%| F|  |TAMS 0x00000000e3800000| PB 0x00000000e3800000| Untracked |  0
|  57|0x00000000e3900000, 0x00000000e3900000, 0x00000000e3a00000|  0%| F|  |TAMS 0x00000000e3900000| PB 0x00000000e3900000| Untracked |  0
|  58|0x00000000e3a00000, 0x00000000e3a00000, 0x00000000e3b00000|  0%| F|  |TAMS 0x00000000e3a00000| PB 0x00000000e3a00000| Untracked |  0
|  59|0x00000000e3b00000, 0x00000000e3b00000, 0x00000000e3c00000|  0%| F|  |TAMS 0x00000000e3b00000| PB 0x00000000e3b00000| Untracked |  0
|  60|0x00000000e3c00000, 0x00000000e3c00000, 0x00000000e3d00000|  0%| F|  |TAMS 0x00000000e3c00000| PB 0x00000000e3c00000| Untracked |  0
|  61|0x00000000e3d00000, 0x00000000e3d00000, 0x00000000e3e00000|  0%| F|  |TAMS 0x00000000e3d00000| PB 0x00000000e3d00000| Untracked |  0
|  62|0x00000000e3e00000, 0x00000000e3e00000, 0x00000000e3f00000|  0%| F|  |TAMS 0x00000000e3e00000| PB 0x00000000e3e00000| Untracked |  0
|  63|0x00000000e3f00000, 0x00000000e3f00000, 0x00000000e4000000|  0%| F|  |TAMS 0x00000000e3f00000| PB 0x00000000e3f00000| Untracked |  0
|  64|0x00000000e4000000, 0x00000000e4000000, 0x00000000e4100000|  0%| F|  |TAMS 0x00000000e4000000| PB 0x00000000e4000000| Untracked |  0
|  65|0x00000000e4100000, 0x00000000e4100000, 0x00000000e4200000|  0%| F|  |TAMS 0x00000000e4100000| PB 0x00000000e4100000| Untracked |  0
|  66|0x00000000e4200000, 0x00000000e4200000, 0x00000000e4300000|  0%| F|  |TAMS 0x00000000e4200000| PB 0x00000000e4200000| Untracked |  0
|  67|0x00000000e4300000, 0x00000000e4300000, 0x00000000e4400000|  0%| F|  |TAMS 0x00000000e4300000| PB 0x00000000e4300000| Untracked |  0
|  68|0x00000000e4400000, 0x00000000e4400000, 0x00000000e4500000|  0%| F|  |TAMS 0x00000000e4400000| PB 0x00000000e4400000| Untracked |  0
|  69|0x00000000e4500000, 0x00000000e4500000, 0x00000000e4600000|  0%| F|  |TAMS 0x00000000e4500000| PB 0x00000000e4500000| Untracked |  0
|  70|0x00000000e4600000, 0x00000000e4600000, 0x00000000e4700000|  0%| F|  |TAMS 0x00000000e4600000| PB 0x00000000e4600000| Untracked |  0
|  71|0x00000000e4700000, 0x00000000e4700000, 0x00000000e4800000|  0%| F|  |TAMS 0x00000000e4700000| PB 0x00000000e4700000| Untracked |  0
|  72|0x00000000e4800000, 0x00000000e4800000, 0x00000000e4900000|  0%| F|  |TAMS 0x00000000e4800000| PB 0x00000000e4800000| Untracked |  0
|  73|0x00000000e4900000, 0x00000000e4900000, 0x00000000e4a00000|  0%| F|  |TAMS 0x00000000e4900000| PB 0x00000000e4900000| Untracked |  0
|  74|0x00000000e4a00000, 0x00000000e4a00000, 0x00000000e4b00000|  0%| F|  |TAMS 0x00000000e4a00000| PB 0x00000000e4a00000| Untracked |  0
|  75|0x00000000e4b00000, 0x00000000e4b00000, 0x00000000e4c00000|  0%| F|  |TAMS 0x00000000e4b00000| PB 0x00000000e4b00000| Untracked |  0
|  76|0x00000000e4c00000, 0x00000000e4c00000, 0x00000000e4d00000|  0%| F|  |TAMS 0x00000000e4c00000| PB 0x00000000e4c00000| Untracked |  0
|  77|0x00000000e4d00000, 0x00000000e4d00000, 0x00000000e4e00000|  0%| F|  |TAMS 0x00000000e4d00000| PB 0x00000000e4d00000| Untracked |  0
|  78|0x00000000e4e00000, 0x00000000e4e00000, 0x00000000e4f00000|  0%| F|  |TAMS 0x00000000e4e00000| PB 0x00000000e4e00000| Untracked |  0
|  79|0x00000000e4f00000, 0x00000000e4f00000, 0x00000000e5000000|  0%| F|  |TAMS 0x00000000e4f00000| PB 0x00000000e4f00000| Untracked |  0
|  80|0x00000000e5000000, 0x00000000e5000000, 0x00000000e5100000|  0%| F|  |TAMS 0x00000000e5000000| PB 0x00000000e5000000| Untracked |  0
|  81|0x00000000e5100000, 0x00000000e5100000, 0x00000000e5200000|  0%| F|  |TAMS 0x00000000e5100000| PB 0x00000000e5100000| Untracked |  0
|  82|0x00000000e5200000, 0x00000000e5200000, 0x00000000e5300000|  0%| F|  |TAMS 0x00000000e5200000| PB 0x00000000e5200000| Untracked |  0
|  83|0x00000000e5300000, 0x00000000e5300000, 0x00000000e5400000|  0%| F|  |TAMS 0x00000000e5300000| PB 0x00000000e5300000| Untracked |  0
|  84|0x00000000e5400000, 0x00000000e5400000, 0x00000000e5500000|  0%| F|  |TAMS 0x00000000e5400000| PB 0x00000000e5400000| Untracked |  0
|  85|0x00000000e5500000, 0x00000000e5500000, 0x00000000e5600000|  0%| F|  |TAMS 0x00000000e5500000| PB 0x00000000e5500000| Untracked |  0
|  86|0x00000000e5600000, 0x00000000e5600000, 0x00000000e5700000|  0%| F|  |TAMS 0x00000000e5600000| PB 0x00000000e5600000| Untracked |  0
|  87|0x00000000e5700000, 0x00000000e5700000, 0x00000000e5800000|  0%| F|  |TAMS 0x00000000e5700000| PB 0x00000000e5700000| Untracked |  0
|  88|0x00000000e5800000, 0x00000000e5800000, 0x00000000e5900000|  0%| F|  |TAMS 0x00000000e5800000| PB 0x00000000e5800000| Untracked |  0
|  89|0x00000000e5900000, 0x00000000e5900000, 0x00000000e5a00000|  0%| F|  |TAMS 0x00000000e5900000| PB 0x00000000e5900000| Untracked |  0
|  90|0x00000000e5a00000, 0x00000000e5a00000, 0x00000000e5b00000|  0%| F|  |TAMS 0x00000000e5a00000| PB 0x00000000e5a00000| Untracked |  0
|  91|0x00000000e5b00000, 0x00000000e5b00000, 0x00000000e5c00000|  0%| F|  |TAMS 0x00000000e5b00000| PB 0x00000000e5b00000| Untracked |  0
|  92|0x00000000e5c00000, 0x00000000e5c00000, 0x00000000e5d00000|  0%| F|  |TAMS 0x00000000e5c00000| PB 0x00000000e5c00000| Untracked |  0
|  93|0x00000000e5d00000, 0x00000000e5d00000, 0x00000000e5e00000|  0%| F|  |TAMS 0x00000000e5d00000| PB 0x00000000e5d00000| Untracked |  0
|  94|0x00000000e5e00000, 0x00000000e5e00000, 0x00000000e5f00000|  0%| F|  |TAMS 0x00000000e5e00000| PB 0x00000000e5e00000| Untracked |  0
|  95|0x00000000e5f00000, 0x00000000e5f00000, 0x00000000e6000000|  0%| F|  |TAMS 0x00000000e5f00000| PB 0x00000000e5f00000| Untracked |  0
|  96|0x00000000e6000000, 0x00000000e6000000, 0x00000000e6100000|  0%| F|  |TAMS 0x00000000e6000000| PB 0x00000000e6000000| Untracked |  0
|  97|0x00000000e6100000, 0x00000000e6100000, 0x00000000e6200000|  0%| F|  |TAMS 0x00000000e6100000| PB 0x00000000e6100000| Untracked |  0
|  98|0x00000000e6200000, 0x00000000e6200000, 0x00000000e6300000|  0%| F|  |TAMS 0x00000000e6200000| PB 0x00000000e6200000| Untracked |  0
|  99|0x00000000e6300000, 0x00000000e6300000, 0x00000000e6400000|  0%| F|  |TAMS 0x00000000e6300000| PB 0x00000000e6300000| Untracked |  0
| 100|0x00000000e6400000, 0x00000000e6400000, 0x00000000e6500000|  0%| F|  |TAMS 0x00000000e6400000| PB 0x00000000e6400000| Untracked |  0
| 101|0x00000000e6500000, 0x00000000e6500000, 0x00000000e6600000|  0%| F|  |TAMS 0x00000000e6500000| PB 0x00000000e6500000| Untracked |  0
| 102|0x00000000e6600000, 0x00000000e6600000, 0x00000000e6700000|  0%| F|  |TAMS 0x00000000e6600000| PB 0x00000000e6600000| Untracked |  0
| 103|0x00000000e6700000, 0x00000000e6700000, 0x00000000e6800000|  0%| F|  |TAMS 0x00000000e6700000| PB 0x00000000e6700000| Untracked |  0
| 104|0x00000000e6800000, 0x00000000e6800000, 0x00000000e6900000|  0%| F|  |TAMS 0x00000000e6800000| PB 0x00000000e6800000| Untracked |  0
| 105|0x00000000e6900000, 0x00000000e6900000, 0x00000000e6a00000|  0%| F|  |TAMS 0x00000000e6900000| PB 0x00000000e6900000| Untracked |  0
| 106|0x00000000e6a00000, 0x00000000e6a00000, 0x00000000e6b00000|  0%| F|  |TAMS 0x00000000e6a00000| PB 0x00000000e6a00000| Untracked |  0
| 107|0x00000000e6b00000, 0x00000000e6b00000, 0x00000000e6c00000|  0%| F|  |TAMS 0x00000000e6b00000| PB 0x00000000e6b00000| Untracked |  0
| 108|0x00000000e6c00000, 0x00000000e6c00000, 0x00000000e6d00000|  0%| F|  |TAMS 0x00000000e6c00000| PB 0x00000000e6c00000| Untracked |  0
| 109|0x00000000e6d00000, 0x00000000e6d00000, 0x00000000e6e00000|  0%| F|  |TAMS 0x00000000e6d00000| PB 0x00000000e6d00000| Untracked |  0
| 110|0x00000000e6e00000, 0x00000000e6e00000, 0x00000000e6f00000|  0%| F|  |TAMS 0x00000000e6e00000| PB 0x00000000e6e00000| Untracked |  0
| 111|0x00000000e6f00000, 0x00000000e6f00000, 0x00000000e7000000|  0%| F|  |TAMS 0x00000000e6f00000| PB 0x00000000e6f00000| Untracked |  0
| 112|0x00000000e7000000, 0x00000000e7000000, 0x00000000e7100000|  0%| F|  |TAMS 0x00000000e7000000| PB 0x00000000e7000000| Untracked |  0
| 113|0x00000000e7100000, 0x00000000e7100000, 0x00000000e7200000|  0%| F|  |TAMS 0x00000000e7100000| PB 0x00000000e7100000| Untracked |  0
| 114|0x00000000e7200000, 0x00000000e7200000, 0x00000000e7300000|  0%| F|  |TAMS 0x00000000e7200000| PB 0x00000000e7200000| Untracked |  0
| 115|0x00000000e7300000, 0x00000000e7300000, 0x00000000e7400000|  0%| F|  |TAMS 0x00000000e7300000| PB 0x00000000e7300000| Untracked |  0
| 116|0x00000000e7400000, 0x00000000e7400000, 0x00000000e7500000|  0%| F|  |TAMS 0x00000000e7400000| PB 0x00000000e7400000| Untracked |  0
| 117|0x00000000e7500000, 0x00000000e7500000, 0x00000000e7600000|  0%| F|  |TAMS 0x00000000e7500000| PB 0x00000000e7500000| Untracked |  0
| 118|0x00000000e7600000, 0x00000000e7600000, 0x00000000e7700000|  0%| F|  |TAMS 0x00000000e7600000| PB 0x00000000e7600000| Untracked |  0
| 119|0x00000000e7700000, 0x00000000e7700000, 0x00000000e7800000|  0%| F|  |TAMS 0x00000000e7700000| PB 0x00000000e7700000| Untracked |  0
| 120|0x00000000e7800000, 0x00000000e7800000, 0x00000000e7900000|  0%| F|  |TAMS 0x00000000e7800000| PB 0x00000000e7800000| Untracked |  0
| 121|0x00000000e7900000, 0x00000000e7900000, 0x00000000e7a00000|  0%| F|  |TAMS 0x00000000e7900000| PB 0x00000000e7900000| Untracked |  0
| 122|0x00000000e7a00000, 0x00000000e7a00000, 0x00000000e7b00000|  0%| F|  |TAMS 0x00000000e7a00000| PB 0x00000000e7a00000| Untracked |  0
| 123|0x00000000e7b00000, 0x00000000e7b00000, 0x00000000e7c00000|  0%| F|  |TAMS 0x00000000e7b00000| PB 0x00000000e7b00000| Untracked |  0
| 124|0x00000000e7c00000, 0x00000000e7c00000, 0x00000000e7d00000|  0%| F|  |TAMS 0x00000000e7c00000| PB 0x00000000e7c00000| Untracked |  0
| 125|0x00000000e7d00000, 0x00000000e7d00000, 0x00000000e7e00000|  0%| F|  |TAMS 0x00000000e7d00000| PB 0x00000000e7d00000| Untracked |  0
| 126|0x00000000e7e00000, 0x00000000e7e00000, 0x00000000e7f00000|  0%| F|  |TAMS 0x00000000e7e00000| PB 0x00000000e7e00000| Untracked |  0
| 127|0x00000000e7f00000, 0x00000000e7f00000, 0x00000000e8000000|  0%| F|  |TAMS 0x00000000e7f00000| PB 0x00000000e7f00000| Untracked |  0
| 128|0x00000000e8000000, 0x00000000e8000000, 0x00000000e8100000|  0%| F|  |TAMS 0x00000000e8000000| PB 0x00000000e8000000| Untracked |  0
| 129|0x00000000e8100000, 0x00000000e8100000, 0x00000000e8200000|  0%| F|  |TAMS 0x00000000e8100000| PB 0x00000000e8100000| Untracked |  0
| 130|0x00000000e8200000, 0x00000000e8200000, 0x00000000e8300000|  0%| F|  |TAMS 0x00000000e8200000| PB 0x00000000e8200000| Untracked |  0
| 131|0x00000000e8300000, 0x00000000e8300000, 0x00000000e8400000|  0%| F|  |TAMS 0x00000000e8300000| PB 0x00000000e8300000| Untracked |  0
| 132|0x00000000e8400000, 0x00000000e8400000, 0x00000000e8500000|  0%| F|  |TAMS 0x00000000e8400000| PB 0x00000000e8400000| Untracked |  0
| 133|0x00000000e8500000, 0x00000000e8500000, 0x00000000e8600000|  0%| F|  |TAMS 0x00000000e8500000| PB 0x00000000e8500000| Untracked |  0
| 134|0x00000000e8600000, 0x00000000e8600000, 0x00000000e8700000|  0%| F|  |TAMS 0x00000000e8600000| PB 0x00000000e8600000| Untracked |  0
| 135|0x00000000e8700000, 0x00000000e8700000, 0x00000000e8800000|  0%| F|  |TAMS 0x00000000e8700000| PB 0x00000000e8700000| Untracked |  0
| 136|0x00000000e8800000, 0x00000000e8800000, 0x00000000e8900000|  0%| F|  |TAMS 0x00000000e8800000| PB 0x00000000e8800000| Untracked |  0
| 137|0x00000000e8900000, 0x00000000e8900000, 0x00000000e8a00000|  0%| F|  |TAMS 0x00000000e8900000| PB 0x00000000e8900000| Untracked |  0
| 138|0x00000000e8a00000, 0x00000000e8a00000, 0x00000000e8b00000|  0%| F|  |TAMS 0x00000000e8a00000| PB 0x00000000e8a00000| Untracked |  0
| 139|0x00000000e8b00000, 0x00000000e8b00000, 0x00000000e8c00000|  0%| F|  |TAMS 0x00000000e8b00000| PB 0x00000000e8b00000| Untracked |  0
| 140|0x00000000e8c00000, 0x00000000e8c00000, 0x00000000e8d00000|  0%| F|  |TAMS 0x00000000e8c00000| PB 0x00000000e8c00000| Untracked |  0
| 141|0x00000000e8d00000, 0x00000000e8d00000, 0x00000000e8e00000|  0%| F|  |TAMS 0x00000000e8d00000| PB 0x00000000e8d00000| Untracked |  0
| 142|0x00000000e8e00000, 0x00000000e8e00000, 0x00000000e8f00000|  0%| F|  |TAMS 0x00000000e8e00000| PB 0x00000000e8e00000| Untracked |  0
| 143|0x00000000e8f00000, 0x00000000e8f00000, 0x00000000e9000000|  0%| F|  |TAMS 0x00000000e8f00000| PB 0x00000000e8f00000| Untracked |  0
| 144|0x00000000e9000000, 0x00000000e9000000, 0x00000000e9100000|  0%| F|  |TAMS 0x00000000e9000000| PB 0x00000000e9000000| Untracked |  0
| 145|0x00000000e9100000, 0x00000000e9100000, 0x00000000e9200000|  0%| F|  |TAMS 0x00000000e9100000| PB 0x00000000e9100000| Untracked |  0
| 146|0x00000000e9200000, 0x00000000e9200000, 0x00000000e9300000|  0%| F|  |TAMS 0x00000000e9200000| PB 0x00000000e9200000| Untracked |  0
| 147|0x00000000e9300000, 0x00000000e9300000, 0x00000000e9400000|  0%| F|  |TAMS 0x00000000e9300000| PB 0x00000000e9300000| Untracked |  0
| 148|0x00000000e9400000, 0x00000000e9400000, 0x00000000e9500000|  0%| F|  |TAMS 0x00000000e9400000| PB 0x00000000e9400000| Untracked |  0
| 149|0x00000000e9500000, 0x00000000e9500000, 0x00000000e9600000|  0%| F|  |TAMS 0x00000000e9500000| PB 0x00000000e9500000| Untracked |  0
| 150|0x00000000e9600000, 0x00000000e9600000, 0x00000000e9700000|  0%| F|  |TAMS 0x00000000e9600000| PB 0x00000000e9600000| Untracked |  0
| 151|0x00000000e9700000, 0x00000000e9700000, 0x00000000e9800000|  0%| F|  |TAMS 0x00000000e9700000| PB 0x00000000e9700000| Untracked |  0
| 152|0x00000000e9800000, 0x00000000e9800000, 0x00000000e9900000|  0%| F|  |TAMS 0x00000000e9800000| PB 0x00000000e9800000| Untracked |  0
| 153|0x00000000e9900000, 0x00000000e9900000, 0x00000000e9a00000|  0%| F|  |TAMS 0x00000000e9900000| PB 0x00000000e9900000| Untracked |  0
| 154|0x00000000e9a00000, 0x00000000e9a00000, 0x00000000e9b00000|  0%| F|  |TAMS 0x00000000e9a00000| PB 0x00000000e9a00000| Untracked |  0
| 155|0x00000000e9b00000, 0x00000000e9b00000, 0x00000000e9c00000|  0%| F|  |TAMS 0x00000000e9b00000| PB 0x00000000e9b00000| Untracked |  0
| 156|0x00000000e9c00000, 0x00000000e9c00000, 0x00000000e9d00000|  0%| F|  |TAMS 0x00000000e9c00000| PB 0x00000000e9c00000| Untracked |  0
| 157|0x00000000e9d00000, 0x00000000e9d00000, 0x00000000e9e00000|  0%| F|  |TAMS 0x00000000e9d00000| PB 0x00000000e9d00000| Untracked |  0
| 158|0x00000000e9e00000, 0x00000000e9e00000, 0x00000000e9f00000|  0%| F|  |TAMS 0x00000000e9e00000| PB 0x00000000e9e00000| Untracked |  0
| 159|0x00000000e9f00000, 0x00000000e9f00000, 0x00000000ea000000|  0%| F|  |TAMS 0x00000000e9f00000| PB 0x00000000e9f00000| Untracked |  0
| 160|0x00000000ea000000, 0x00000000ea000000, 0x00000000ea100000|  0%| F|  |TAMS 0x00000000ea000000| PB 0x00000000ea000000| Untracked |  0
| 161|0x00000000ea100000, 0x00000000ea100000, 0x00000000ea200000|  0%| F|  |TAMS 0x00000000ea100000| PB 0x00000000ea100000| Untracked |  0
| 162|0x00000000ea200000, 0x00000000ea200000, 0x00000000ea300000|  0%| F|  |TAMS 0x00000000ea200000| PB 0x00000000ea200000| Untracked |  0
| 163|0x00000000ea300000, 0x00000000ea300000, 0x00000000ea400000|  0%| F|  |TAMS 0x00000000ea300000| PB 0x00000000ea300000| Untracked |  0
| 164|0x00000000ea400000, 0x00000000ea400000, 0x00000000ea500000|  0%| F|  |TAMS 0x00000000ea400000| PB 0x00000000ea400000| Untracked |  0
| 165|0x00000000ea500000, 0x00000000ea500000, 0x00000000ea600000|  0%| F|  |TAMS 0x00000000ea500000| PB 0x00000000ea500000| Untracked |  0
| 166|0x00000000ea600000, 0x00000000ea600000, 0x00000000ea700000|  0%| F|  |TAMS 0x00000000ea600000| PB 0x00000000ea600000| Untracked |  0
| 167|0x00000000ea700000, 0x00000000ea700000, 0x00000000ea800000|  0%| F|  |TAMS 0x00000000ea700000| PB 0x00000000ea700000| Untracked |  0
| 168|0x00000000ea800000, 0x00000000ea800000, 0x00000000ea900000|  0%| F|  |TAMS 0x00000000ea800000| PB 0x00000000ea800000| Untracked |  0
| 169|0x00000000ea900000, 0x00000000ea900000, 0x00000000eaa00000|  0%| F|  |TAMS 0x00000000ea900000| PB 0x00000000ea900000| Untracked |  0
| 170|0x00000000eaa00000, 0x00000000eaa00000, 0x00000000eab00000|  0%| F|  |TAMS 0x00000000eaa00000| PB 0x00000000eaa00000| Untracked |  0
| 171|0x00000000eab00000, 0x00000000eab00000, 0x00000000eac00000|  0%| F|  |TAMS 0x00000000eab00000| PB 0x00000000eab00000| Untracked |  0
| 172|0x00000000eac00000, 0x00000000eac00000, 0x00000000ead00000|  0%| F|  |TAMS 0x00000000eac00000| PB 0x00000000eac00000| Untracked |  0
| 173|0x00000000ead00000, 0x00000000ead00000, 0x00000000eae00000|  0%| F|  |TAMS 0x00000000ead00000| PB 0x00000000ead00000| Untracked |  0
| 174|0x00000000eae00000, 0x00000000eae00000, 0x00000000eaf00000|  0%| F|  |TAMS 0x00000000eae00000| PB 0x00000000eae00000| Untracked |  0
| 175|0x00000000eaf00000, 0x00000000eaf00000, 0x00000000eb000000|  0%| F|  |TAMS 0x00000000eaf00000| PB 0x00000000eaf00000| Untracked |  0
| 176|0x00000000eb000000, 0x00000000eb000000, 0x00000000eb100000|  0%| F|  |TAMS 0x00000000eb000000| PB 0x00000000eb000000| Untracked |  0
| 177|0x00000000eb100000, 0x00000000eb100000, 0x00000000eb200000|  0%| F|  |TAMS 0x00000000eb100000| PB 0x00000000eb100000| Untracked |  0
| 178|0x00000000eb200000, 0x00000000eb200000, 0x00000000eb300000|  0%| F|  |TAMS 0x00000000eb200000| PB 0x00000000eb200000| Untracked |  0
| 179|0x00000000eb300000, 0x00000000eb300000, 0x00000000eb400000|  0%| F|  |TAMS 0x00000000eb300000| PB 0x00000000eb300000| Untracked |  0
| 180|0x00000000eb400000, 0x00000000eb400000, 0x00000000eb500000|  0%| F|  |TAMS 0x00000000eb400000| PB 0x00000000eb400000| Untracked |  0
| 181|0x00000000eb500000, 0x00000000eb500000, 0x00000000eb600000|  0%| F|  |TAMS 0x00000000eb500000| PB 0x00000000eb500000| Untracked |  0
| 182|0x00000000eb600000, 0x00000000eb600000, 0x00000000eb700000|  0%| F|  |TAMS 0x00000000eb600000| PB 0x00000000eb600000| Untracked |  0
| 183|0x00000000eb700000, 0x00000000eb700000, 0x00000000eb800000|  0%| F|  |TAMS 0x00000000eb700000| PB 0x00000000eb700000| Untracked |  0
| 184|0x00000000eb800000, 0x00000000eb800000, 0x00000000eb900000|  0%| F|  |TAMS 0x00000000eb800000| PB 0x00000000eb800000| Untracked |  0
| 185|0x00000000eb900000, 0x00000000eb900000, 0x00000000eba00000|  0%| F|  |TAMS 0x00000000eb900000| PB 0x00000000eb900000| Untracked |  0
| 186|0x00000000eba00000, 0x00000000eba00000, 0x00000000ebb00000|  0%| F|  |TAMS 0x00000000eba00000| PB 0x00000000eba00000| Untracked |  0
| 187|0x00000000ebb00000, 0x00000000ebb00000, 0x00000000ebc00000|  0%| F|  |TAMS 0x00000000ebb00000| PB 0x00000000ebb00000| Untracked |  0
| 188|0x00000000ebc00000, 0x00000000ebc00000, 0x00000000ebd00000|  0%| F|  |TAMS 0x00000000ebc00000| PB 0x00000000ebc00000| Untracked |  0
| 189|0x00000000ebd00000, 0x00000000ebd00000, 0x00000000ebe00000|  0%| F|  |TAMS 0x00000000ebd00000| PB 0x00000000ebd00000| Untracked |  0
| 190|0x00000000ebe00000, 0x00000000ebe00000, 0x00000000ebf00000|  0%| F|  |TAMS 0x00000000ebe00000| PB 0x00000000ebe00000| Untracked |  0
| 191|0x00000000ebf00000, 0x00000000ebf00000, 0x00000000ec000000|  0%| F|  |TAMS 0x00000000ebf00000| PB 0x00000000ebf00000| Untracked |  0
| 192|0x00000000ec000000, 0x00000000ec000000, 0x00000000ec100000|  0%| F|  |TAMS 0x00000000ec000000| PB 0x00000000ec000000| Untracked |  0
| 193|0x00000000ec100000, 0x00000000ec100000, 0x00000000ec200000|  0%| F|  |TAMS 0x00000000ec100000| PB 0x00000000ec100000| Untracked |  0
| 194|0x00000000ec200000, 0x00000000ec200000, 0x00000000ec300000|  0%| F|  |TAMS 0x00000000ec200000| PB 0x00000000ec200000| Untracked |  0
| 195|0x00000000ec300000, 0x00000000ec300000, 0x00000000ec400000|  0%| F|  |TAMS 0x00000000ec300000| PB 0x00000000ec300000| Untracked |  0
| 196|0x00000000ec400000, 0x00000000ec400000, 0x00000000ec500000|  0%| F|  |TAMS 0x00000000ec400000| PB 0x00000000ec400000| Untracked |  0
| 197|0x00000000ec500000, 0x00000000ec500000, 0x00000000ec600000|  0%| F|  |TAMS 0x00000000ec500000| PB 0x00000000ec500000| Untracked |  0
| 198|0x00000000ec600000, 0x00000000ec600000, 0x00000000ec700000|  0%| F|  |TAMS 0x00000000ec600000| PB 0x00000000ec600000| Untracked |  0
| 199|0x00000000ec700000, 0x00000000ec700000, 0x00000000ec800000|  0%| F|  |TAMS 0x00000000ec700000| PB 0x00000000ec700000| Untracked |  0
| 200|0x00000000ec800000, 0x00000000ec800000, 0x00000000ec900000|  0%| F|  |TAMS 0x00000000ec800000| PB 0x00000000ec800000| Untracked |  0
| 201|0x00000000ec900000, 0x00000000ec900000, 0x00000000eca00000|  0%| F|  |TAMS 0x00000000ec900000| PB 0x00000000ec900000| Untracked |  0
| 202|0x00000000eca00000, 0x00000000eca00000, 0x00000000ecb00000|  0%| F|  |TAMS 0x00000000eca00000| PB 0x00000000eca00000| Untracked |  0
| 203|0x00000000ecb00000, 0x00000000ecb00000, 0x00000000ecc00000|  0%| F|  |TAMS 0x00000000ecb00000| PB 0x00000000ecb00000| Untracked |  0
| 204|0x00000000ecc00000, 0x00000000ecc00000, 0x00000000ecd00000|  0%| F|  |TAMS 0x00000000ecc00000| PB 0x00000000ecc00000| Untracked |  0
| 205|0x00000000ecd00000, 0x00000000ecd00000, 0x00000000ece00000|  0%| F|  |TAMS 0x00000000ecd00000| PB 0x00000000ecd00000| Untracked |  0
| 206|0x00000000ece00000, 0x00000000ece00000, 0x00000000ecf00000|  0%| F|  |TAMS 0x00000000ece00000| PB 0x00000000ece00000| Untracked |  0
| 207|0x00000000ecf00000, 0x00000000ecf00000, 0x00000000ed000000|  0%| F|  |TAMS 0x00000000ecf00000| PB 0x00000000ecf00000| Untracked |  0
| 208|0x00000000ed000000, 0x00000000ed000000, 0x00000000ed100000|  0%| F|  |TAMS 0x00000000ed000000| PB 0x00000000ed000000| Untracked |  0
| 209|0x00000000ed100000, 0x00000000ed100000, 0x00000000ed200000|  0%| F|  |TAMS 0x00000000ed100000| PB 0x00000000ed100000| Untracked |  0
| 210|0x00000000ed200000, 0x00000000ed200000, 0x00000000ed300000|  0%| F|  |TAMS 0x00000000ed200000| PB 0x00000000ed200000| Untracked |  0
| 211|0x00000000ed300000, 0x00000000ed300000, 0x00000000ed400000|  0%| F|  |TAMS 0x00000000ed300000| PB 0x00000000ed300000| Untracked |  0
| 212|0x00000000ed400000, 0x00000000ed400000, 0x00000000ed500000|  0%| F|  |TAMS 0x00000000ed400000| PB 0x00000000ed400000| Untracked |  0
| 213|0x00000000ed500000, 0x00000000ed500000, 0x00000000ed600000|  0%| F|  |TAMS 0x00000000ed500000| PB 0x00000000ed500000| Untracked |  0
| 214|0x00000000ed600000, 0x00000000ed600000, 0x00000000ed700000|  0%| F|  |TAMS 0x00000000ed600000| PB 0x00000000ed600000| Untracked |  0
| 215|0x00000000ed700000, 0x00000000ed700000, 0x00000000ed800000|  0%| F|  |TAMS 0x00000000ed700000| PB 0x00000000ed700000| Untracked |  0
| 216|0x00000000ed800000, 0x00000000ed800000, 0x00000000ed900000|  0%| F|  |TAMS 0x00000000ed800000| PB 0x00000000ed800000| Untracked |  0
| 217|0x00000000ed900000, 0x00000000ed901418, 0x00000000eda00000|  0%| E|  |TAMS 0x00000000ed900000| PB 0x00000000ed900000| Complete |  0
| 218|0x00000000eda00000, 0x00000000edb00000, 0x00000000edb00000|100%| E|CS|TAMS 0x00000000eda00000| PB 0x00000000eda00000| Complete |  0
| 219|0x00000000edb00000, 0x00000000edc00000, 0x00000000edc00000|100%| E|CS|TAMS 0x00000000edb00000| PB 0x00000000edb00000| Complete |  0
| 220|0x00000000edc00000, 0x00000000edd00000, 0x00000000edd00000|100%| E|CS|TAMS 0x00000000edc00000| PB 0x00000000edc00000| Complete |  0
| 221|0x00000000edd00000, 0x00000000ede00000, 0x00000000ede00000|100%| E|CS|TAMS 0x00000000edd00000| PB 0x00000000edd00000| Complete |  0
| 222|0x00000000ede00000, 0x00000000edf00000, 0x00000000edf00000|100%| E|CS|TAMS 0x00000000ede00000| PB 0x00000000ede00000| Complete |  0
| 223|0x00000000edf00000, 0x00000000edffffb0, 0x00000000ee000000| 99%| E|  |TAMS 0x00000000edf00000| PB 0x00000000edf00000| Complete |  0
| 224|0x00000000ee000000, 0x00000000ee100000, 0x00000000ee100000|100%| E|CS|TAMS 0x00000000ee000000| PB 0x00000000ee000000| Complete |  0
| 225|0x00000000ee100000, 0x00000000ee200000, 0x00000000ee200000|100%| E|CS|TAMS 0x00000000ee100000| PB 0x00000000ee100000| Complete |  0
| 226|0x00000000ee200000, 0x00000000ee300000, 0x00000000ee300000|100%| E|CS|TAMS 0x00000000ee200000| PB 0x00000000ee200000| Complete |  0
| 227|0x00000000ee300000, 0x00000000ee393c50, 0x00000000ee400000| 57%| S|CS|TAMS 0x00000000ee300000| PB 0x00000000ee300000| Complete |  0
| 228|0x00000000ee400000, 0x00000000ee500000, 0x00000000ee500000|100%| S|CS|TAMS 0x00000000ee400000| PB 0x00000000ee400000| Complete |  0
| 229|0x00000000ee500000, 0x00000000ee600000, 0x00000000ee600000|100%| S|CS|TAMS 0x00000000ee500000| PB 0x00000000ee500000| Complete |  0
| 230|0x00000000ee600000, 0x00000000ee700000, 0x00000000ee700000|100%| S|CS|TAMS 0x00000000ee600000| PB 0x00000000ee600000| Complete |  0
| 231|0x00000000ee700000, 0x00000000ee800000, 0x00000000ee800000|100%| E|CS|TAMS 0x00000000ee700000| PB 0x00000000ee700000| Complete |  0
| 232|0x00000000ee800000, 0x00000000ee900000, 0x00000000ee900000|100%| E|CS|TAMS 0x00000000ee800000| PB 0x00000000ee800000| Complete |  0
| 233|0x00000000ee900000, 0x00000000eea00000, 0x00000000eea00000|100%| E|CS|TAMS 0x00000000ee900000| PB 0x00000000ee900000| Complete |  0
| 234|0x00000000eea00000, 0x00000000eeb00000, 0x00000000eeb00000|100%| E|CS|TAMS 0x00000000eea00000| PB 0x00000000eea00000| Complete |  0
| 235|0x00000000eeb00000, 0x00000000eec00000, 0x00000000eec00000|100%| E|CS|TAMS 0x00000000eeb00000| PB 0x00000000eeb00000| Complete |  0
| 236|0x00000000eec00000, 0x00000000eed00000, 0x00000000eed00000|100%| E|CS|TAMS 0x00000000eec00000| PB 0x00000000eec00000| Complete |  0
| 237|0x00000000eed00000, 0x00000000eee00000, 0x00000000eee00000|100%| E|CS|TAMS 0x00000000eed00000| PB 0x00000000eed00000| Complete |  0
| 238|0x00000000eee00000, 0x00000000eef00000, 0x00000000eef00000|100%| E|CS|TAMS 0x00000000eee00000| PB 0x00000000eee00000| Complete |  0
| 239|0x00000000eef00000, 0x00000000ef000000, 0x00000000ef000000|100%| E|CS|TAMS 0x00000000eef00000| PB 0x00000000eef00000| Complete |  0
| 240|0x00000000ef000000, 0x00000000ef100000, 0x00000000ef100000|100%| E|CS|TAMS 0x00000000ef000000| PB 0x00000000ef000000| Complete |  0
| 241|0x00000000ef100000, 0x00000000ef200000, 0x00000000ef200000|100%| E|CS|TAMS 0x00000000ef100000| PB 0x00000000ef100000| Complete |  0
| 242|0x00000000ef200000, 0x00000000ef300000, 0x00000000ef300000|100%| E|CS|TAMS 0x00000000ef200000| PB 0x00000000ef200000| Complete |  0
| 243|0x00000000ef300000, 0x00000000ef400000, 0x00000000ef400000|100%| E|CS|TAMS 0x00000000ef300000| PB 0x00000000ef300000| Complete |  0
| 244|0x00000000ef400000, 0x00000000ef500000, 0x00000000ef500000|100%| E|CS|TAMS 0x00000000ef400000| PB 0x00000000ef400000| Complete |  0
| 245|0x00000000ef500000, 0x00000000ef600000, 0x00000000ef600000|100%| E|CS|TAMS 0x00000000ef500000| PB 0x00000000ef500000| Complete |  0
| 246|0x00000000ef600000, 0x00000000ef700000, 0x00000000ef700000|100%| E|CS|TAMS 0x00000000ef600000| PB 0x00000000ef600000| Complete |  0
| 247|0x00000000ef700000, 0x00000000ef800000, 0x00000000ef800000|100%| E|CS|TAMS 0x00000000ef700000| PB 0x00000000ef700000| Complete |  0
| 248|0x00000000ef800000, 0x00000000ef900000, 0x00000000ef900000|100%| E|CS|TAMS 0x00000000ef800000| PB 0x00000000ef800000| Complete |  0
| 249|0x00000000ef900000, 0x00000000efa00000, 0x00000000efa00000|100%| E|CS|TAMS 0x00000000ef900000| PB 0x00000000ef900000| Complete |  0
| 250|0x00000000efa00000, 0x00000000efb00000, 0x00000000efb00000|100%| E|CS|TAMS 0x00000000efa00000| PB 0x00000000efa00000| Complete |  0
| 251|0x00000000efb00000, 0x00000000efc00000, 0x00000000efc00000|100%| E|CS|TAMS 0x00000000efb00000| PB 0x00000000efb00000| Complete |  0
| 252|0x00000000efc00000, 0x00000000efd00000, 0x00000000efd00000|100%| E|CS|TAMS 0x00000000efc00000| PB 0x00000000efc00000| Complete |  0
| 253|0x00000000efd00000, 0x00000000efe00000, 0x00000000efe00000|100%| E|CS|TAMS 0x00000000efd00000| PB 0x00000000efd00000| Complete |  0
| 254|0x00000000efe00000, 0x00000000eff00000, 0x00000000eff00000|100%| E|CS|TAMS 0x00000000efe00000| PB 0x00000000efe00000| Complete |  0
| 255|0x00000000eff00000, 0x00000000f0000000, 0x00000000f0000000|100%| E|CS|TAMS 0x00000000eff00000| PB 0x00000000eff00000| Complete |  0

Card table byte_map: [0x000001e9c87a0000,0x000001e9c88a0000] _byte_map_base: 0x000001e9c80a0000

Marking Bits: (CMBitMap*) 0x000001e9b0bea470
 Bits: [0x000001e9c88a0000, 0x000001e9c90a0000)

Polling page: 0x000001e9aeb10000

Metaspace:

Usage:
  Non-class:     36.28 MB used.
      Class:      6.25 MB used.
       Both:     42.53 MB used.

Virtual space:
  Non-class space:       64.00 MB reserved,      37.06 MB ( 58%) committed,  1 nodes.
      Class space:      320.00 MB reserved,       7.00 MB (  2%) committed,  1 nodes.
             Both:      384.00 MB reserved,      44.06 MB ( 11%) committed. 

Chunk freelists:
   Non-Class:  10.06 MB
       Class:  8.99 MB
        Both:  19.06 MB

MaxMetaspaceSize: 384.00 MB
CompressedClassSpaceSize: 320.00 MB
Initial GC threshold: 21.00 MB
Current GC threshold: 58.75 MB
CDS: on
 - commit_granule_bytes: 65536.
 - commit_granule_words: 8192.
 - virtual_space_node_default_size: 8388608.
 - enlarge_chunks_in_place: 1.
 - use_allocation_guard: 0.


Internal statistics:

num_allocs_failed_limit: 6.
num_arena_births: 2742.
num_arena_deaths: 0.
num_vsnodes_births: 2.
num_vsnodes_deaths: 0.
num_space_committed: 705.
num_space_uncommitted: 0.
num_chunks_returned_to_freelist: 6.
num_chunks_taken_from_freelist: 4675.
num_chunk_merges: 6.
num_chunk_splits: 3047.
num_chunks_enlarged: 1915.
num_inconsistent_stats: 0.

CodeHeap 'non-profiled nmethods': size=120000Kb used=3124Kb max_used=3124Kb free=116875Kb
 bounds [0x000001e9c0c20000, 0x000001e9c0f30000, 0x000001e9c8150000]
CodeHeap 'profiled nmethods': size=120000Kb used=9852Kb max_used=9852Kb free=110147Kb
 bounds [0x000001e9b9150000, 0x000001e9b9af0000, 0x000001e9c0680000]
CodeHeap 'non-nmethods': size=5760Kb used=2731Kb max_used=2757Kb free=3029Kb
 bounds [0x000001e9c0680000, 0x000001e9c0940000, 0x000001e9c0c20000]
 total_blobs=6110 nmethods=5251 adapters=763
 compilation: enabled
              stopped_count=0, restarted_count=0
 full_count=0

Compilation events (20 events):
Event: 439.662 Thread 0x000001e9e5004c80 5836       4       groovy.lang.MetaMethod::isPrivate (15 bytes)
Event: 439.664 Thread 0x000001e9e5004c80 nmethod 5836 0x000001e9c0f2ca10 code [0x000001e9c0f2cba0, 0x000001e9c0f2cc58]
Event: 439.664 Thread 0x000001e9e5005730 5837   !   3       java.util.WeakHashMap::expungeStaleEntries (139 bytes)
Event: 439.673 Thread 0x000001e9e5005730 nmethod 5837 0x000001e9b9adf710 code [0x000001e9b9adf900, 0x000001e9b9ae0120]
Event: 439.697 Thread 0x000001e9e5004c80 5838       4       org.codehaus.groovy.reflection.CachedMethod::isStatic (8 bytes)
Event: 439.697 Thread 0x000001e9e5004c80 nmethod 5838 0x000001e9c0f2cd10 code [0x000001e9c0f2ce80, 0x000001e9c0f2cf30]
Event: 440.006 Thread 0x000001e9e5005730 5839       1       sun.reflect.generics.tree.MethodTypeSignature::getExceptionTypes (5 bytes)
Event: 440.006 Thread 0x000001e9e5005730 nmethod 5839 0x000001e9c0f2d010 code [0x000001e9c0f2d1a0, 0x000001e9c0f2d268]
Event: 440.018 Thread 0x000001e9e5005730 5840       3       java.beans.FeatureDescriptor::addTable (20 bytes)
Event: 440.023 Thread 0x000001e9e5005730 nmethod 5840 0x000001e9b9ae0510 code [0x000001e9b9ae0720, 0x000001e9b9ae0c40]
Event: 440.521 Thread 0x000001e9e5005730 5841       3       java.beans.FeatureDescriptor::setTransient (30 bytes)
Event: 440.525 Thread 0x000001e9e5005730 nmethod 5841 0x000001e9b9ae0e10 code [0x000001e9b9ae1060, 0x000001e9b9ae1908]
Event: 440.525 Thread 0x000001e9e5005730 5842       3       java.beans.PropertyDescriptor::setPropertyType (9 bytes)
Event: 440.530 Thread 0x000001e9e5005730 nmethod 5842 0x000001e9b9ae1c10 code [0x000001e9b9ae1de0, 0x000001e9b9ae2168]
Event: 440.589 Thread 0x000001e9e5004c80 5843       4       java.lang.PublicMethods::merge (81 bytes)
Event: 440.610 Thread 0x000001e9e5005730 5844       3       sun.reflect.generics.repository.ConstructorRepository::getParameterTypes (27 bytes)
Event: 440.611 Thread 0x000001e9e5005730 nmethod 5844 0x000001e9b9ae2290 code [0x000001e9b9ae2460, 0x000001e9b9ae2800]
Event: 440.612 Thread 0x000001e9e5005730 5845       3       sun.reflect.generics.repository.GenericDeclRepository::computeTypeParameters (73 bytes)
Event: 440.677 Thread 0x000001e9e5005730 nmethod 5845 0x000001e9b9ae2910 code [0x000001e9b9ae2b60, 0x000001e9b9ae3910]
Event: 440.677 Thread 0x000001e9e5005730 5848   !   3       com.sun.beans.introspect.PropertyInfo::initialize (374 bytes)

GC Heap History (20 events):
Event: 97.490 GC heap before
{Heap before GC invocations=7 (full 0):
 garbage-first heap   total reserved 524288K, committed 262144K, used 39378K [0x00000000e0000000, 0x0000000100000000)
  region size 1024K, 17 young (17408K), 2 survivors (2048K)
 Metaspace       used 24221K, committed 25088K, reserved 393216K
  class space    used 3655K, committed 4032K, reserved 327680K
}
Event: 97.779 GC heap after
{Heap after GC invocations=8 (full 0):
 garbage-first heap   total reserved 524288K, committed 262144K, used 25627K [0x00000000e0000000, 0x0000000100000000)
  region size 1024K, 2 young (2048K), 2 survivors (2048K)
 Metaspace       used 24221K, committed 25088K, reserved 393216K
  class space    used 3655K, committed 4032K, reserved 327680K
}
Event: 176.217 GC heap before
{Heap before GC invocations=8 (full 0):
 garbage-first heap   total reserved 524288K, committed 262144K, used 55323K [0x00000000e0000000, 0x0000000100000000)
  region size 1024K, 31 young (31744K), 2 survivors (2048K)
 Metaspace       used 28370K, committed 29376K, reserved 393216K
  class space    used 4249K, committed 4736K, reserved 327680K
}
Event: 177.100 GC heap after
{Heap after GC invocations=9 (full 0):
 garbage-first heap   total reserved 524288K, committed 262144K, used 27460K [0x00000000e0000000, 0x0000000100000000)
  region size 1024K, 4 young (4096K), 4 survivors (4096K)
 Metaspace       used 28370K, committed 29376K, reserved 393216K
  class space    used 4249K, committed 4736K, reserved 327680K
}
Event: 183.714 GC heap before
{Heap before GC invocations=9 (full 0):
 garbage-first heap   total reserved 524288K, committed 262144K, used 34628K [0x00000000e0000000, 0x0000000100000000)
  region size 1024K, 12 young (12288K), 4 survivors (4096K)
 Metaspace       used 30977K, committed 31936K, reserved 393216K
  class space    used 4528K, committed 4992K, reserved 327680K
}
Event: 183.830 GC heap after
{Heap after GC invocations=10 (full 0):
 garbage-first heap   total reserved 524288K, committed 262144K, used 29176K [0x00000000e0000000, 0x0000000100000000)
  region size 1024K, 2 young (2048K), 2 survivors (2048K)
 Metaspace       used 30977K, committed 31936K, reserved 393216K
  class space    used 4528K, committed 4992K, reserved 327680K
}
Event: 186.671 GC heap before
{Heap before GC invocations=10 (full 0):
 garbage-first heap   total reserved 524288K, committed 262144K, used 38392K [0x00000000e0000000, 0x0000000100000000)
  region size 1024K, 12 young (12288K), 2 survivors (2048K)
 Metaspace       used 32329K, committed 33408K, reserved 393216K
  class space    used 4669K, committed 5184K, reserved 327680K
}
Event: 186.773 GC heap after
{Heap after GC invocations=11 (full 0):
 garbage-first heap   total reserved 524288K, committed 262144K, used 30408K [0x00000000e0000000, 0x0000000100000000)
  region size 1024K, 2 young (2048K), 2 survivors (2048K)
 Metaspace       used 32329K, committed 33408K, reserved 393216K
  class space    used 4669K, committed 5184K, reserved 327680K
}
Event: 186.902 GC heap before
{Heap before GC invocations=11 (full 0):
 garbage-first heap   total reserved 524288K, committed 262144K, used 40648K [0x00000000e0000000, 0x0000000100000000)
  region size 1024K, 12 young (12288K), 2 survivors (2048K)
 Metaspace       used 32337K, committed 33408K, reserved 393216K
  class space    used 4669K, committed 5184K, reserved 327680K
}
Event: 186.942 GC heap after
{Heap after GC invocations=12 (full 0):
 garbage-first heap   total reserved 524288K, committed 262144K, used 31094K [0x00000000e0000000, 0x0000000100000000)
  region size 1024K, 2 young (2048K), 2 survivors (2048K)
 Metaspace       used 32337K, committed 33408K, reserved 393216K
  class space    used 4669K, committed 5184K, reserved 327680K
}
Event: 188.344 GC heap before
{Heap before GC invocations=12 (full 0):
 garbage-first heap   total reserved 524288K, committed 262144K, used 41334K [0x00000000e0000000, 0x0000000100000000)
  region size 1024K, 12 young (12288K), 2 survivors (2048K)
 Metaspace       used 32541K, committed 33536K, reserved 393216K
  class space    used 4690K, committed 5184K, reserved 327680K
}
Event: 188.386 GC heap after
{Heap after GC invocations=13 (full 0):
 garbage-first heap   total reserved 524288K, committed 262144K, used 32466K [0x00000000e0000000, 0x0000000100000000)
  region size 1024K, 2 young (2048K), 2 survivors (2048K)
 Metaspace       used 32541K, committed 33536K, reserved 393216K
  class space    used 4690K, committed 5184K, reserved 327680K
}
Event: 205.766 GC heap before
{Heap before GC invocations=13 (full 0):
 garbage-first heap   total reserved 524288K, committed 262144K, used 52946K [0x00000000e0000000, 0x0000000100000000)
  region size 1024K, 18 young (18432K), 2 survivors (2048K)
 Metaspace       used 34823K, committed 35904K, reserved 393216K
  class space    used 4922K, committed 5440K, reserved 327680K
}
Event: 205.828 GC heap after
{Heap after GC invocations=14 (full 0):
 garbage-first heap   total reserved 524288K, committed 262144K, used 33995K [0x00000000e0000000, 0x0000000100000000)
  region size 1024K, 3 young (3072K), 3 survivors (3072K)
 Metaspace       used 34823K, committed 35904K, reserved 393216K
  class space    used 4922K, committed 5440K, reserved 327680K
}
Event: 206.038 GC heap before
{Heap before GC invocations=14 (full 0):
 garbage-first heap   total reserved 524288K, committed 262144K, used 33995K [0x00000000e0000000, 0x0000000100000000)
  region size 1024K, 4 young (4096K), 3 survivors (3072K)
 Metaspace       used 34908K, committed 35968K, reserved 393216K
  class space    used 4939K, committed 5440K, reserved 327680K
}
Event: 206.073 GC heap after
{Heap after GC invocations=15 (full 0):
 garbage-first heap   total reserved 524288K, committed 262144K, used 34013K [0x00000000e0000000, 0x0000000100000000)
  region size 1024K, 2 young (2048K), 2 survivors (2048K)
 Metaspace       used 34908K, committed 35968K, reserved 393216K
  class space    used 4939K, committed 5440K, reserved 327680K
}
Event: 222.945 GC heap before
{Heap before GC invocations=16 (full 0):
 garbage-first heap   total reserved 524288K, committed 262144K, used 67805K [0x00000000e0000000, 0x0000000100000000)
  region size 1024K, 35 young (35840K), 2 survivors (2048K)
 Metaspace       used 38559K, committed 40064K, reserved 393216K
  class space    used 5567K, committed 6272K, reserved 327680K
}
Event: 223.172 GC heap after
{Heap after GC invocations=17 (full 0):
 garbage-first heap   total reserved 524288K, committed 262144K, used 36038K [0x00000000e0000000, 0x0000000100000000)
  region size 1024K, 4 young (4096K), 4 survivors (4096K)
 Metaspace       used 38559K, committed 40064K, reserved 393216K
  class space    used 5567K, committed 6272K, reserved 327680K
}
Event: 233.454 GC heap before
{Heap before GC invocations=17 (full 0):
 garbage-first heap   total reserved 524288K, committed 262144K, used 61638K [0x00000000e0000000, 0x0000000100000000)
  region size 1024K, 29 young (29696K), 4 survivors (4096K)
 Metaspace       used 41546K, committed 43136K, reserved 393216K
  class space    used 6070K, committed 6848K, reserved 327680K
}
Event: 233.526 GC heap after
{Heap after GC invocations=18 (full 0):
 garbage-first heap   total reserved 524288K, committed 262144K, used 37124K [0x00000000e0000000, 0x0000000100000000)
  region size 1024K, 4 young (4096K), 4 survivors (4096K)
 Metaspace       used 41546K, committed 43136K, reserved 393216K
  class space    used 6070K, committed 6848K, reserved 327680K
}

Dll operation events (15 events):
Event: 0.191 Loaded shared library C:\Users\marco\.jdks\corretto-22.0.2\bin\java.dll
Event: 0.429 Loaded shared library C:\Users\marco\.jdks\corretto-22.0.2\bin\jsvml.dll
Event: 0.663 Loaded shared library C:\Users\marco\.jdks\corretto-22.0.2\bin\zip.dll
Event: 0.673 Loaded shared library C:\Users\marco\.jdks\corretto-22.0.2\bin\instrument.dll
Event: 0.699 Loaded shared library C:\Users\marco\.jdks\corretto-22.0.2\bin\net.dll
Event: 0.705 Loaded shared library C:\Users\marco\.jdks\corretto-22.0.2\bin\nio.dll
Event: 0.713 Loaded shared library C:\Users\marco\.jdks\corretto-22.0.2\bin\zip.dll
Event: 2.751 Loaded shared library C:\Users\marco\.jdks\corretto-22.0.2\bin\jimage.dll
Event: 5.122 Loaded shared library C:\Users\marco\.jdks\corretto-22.0.2\bin\verify.dll
Event: 5.645 Loaded shared library C:\Users\marco\.gradle\native\1def1411415f61bf3af743bc5b6707747c0891f09f0c88961ee8f79bc544acac\windows-amd64\native-platform.dll
Event: 5.687 Loaded shared library C:\Users\marco\.gradle\native\0.2.7\x86_64-windows-gnu\gradle-fileevents.dll
Event: 13.682 Loaded shared library C:\Users\marco\.jdks\corretto-22.0.2\bin\management.dll
Event: 13.700 Loaded shared library C:\Users\marco\.jdks\corretto-22.0.2\bin\management_ext.dll
Event: 15.909 Loaded shared library C:\Users\marco\.jdks\corretto-22.0.2\bin\extnet.dll
Event: 28.829 Loaded shared library C:\Users\marco\.jdks\corretto-22.0.2\bin\sunmscapi.dll

Deoptimization events (20 events):
Event: 352.324 Thread 0x000001e9e602b700 Uncommon trap: trap_request=0xffffffbe fr.pc=0x000001e9c0f0cdb4 relative=0x00000000000005b4
Event: 352.324 Thread 0x000001e9e602b700 Uncommon trap: reason=profile_predicate action=maybe_recompile pc=0x000001e9c0f0cdb4 method=java.util.Arrays.binarySearch0([Ljava/lang/Object;IILjava/lang/Object;Ljava/util/Comparator;)I @ 25 c2
Event: 352.324 Thread 0x000001e9e602b700 DEOPT PACKING pc=0x000001e9c0f0cdb4 sp=0x0000008c6ccf9cd0
Event: 352.324 Thread 0x000001e9e602b700 DEOPT UNPACKING pc=0x000001e9c06d46a2 sp=0x0000008c6ccf9bf0 mode 2
Event: 352.324 Thread 0x000001e9e602b700 Uncommon trap: trap_request=0xffffffbe fr.pc=0x000001e9c0f0cdb4 relative=0x00000000000005b4
Event: 352.324 Thread 0x000001e9e602b700 Uncommon trap: reason=profile_predicate action=maybe_recompile pc=0x000001e9c0f0cdb4 method=java.util.Arrays.binarySearch0([Ljava/lang/Object;IILjava/lang/Object;Ljava/util/Comparator;)I @ 25 c2
Event: 352.324 Thread 0x000001e9e602b700 DEOPT PACKING pc=0x000001e9c0f0cdb4 sp=0x0000008c6ccf9cd0
Event: 352.324 Thread 0x000001e9e602b700 DEOPT UNPACKING pc=0x000001e9c06d46a2 sp=0x0000008c6ccf9bf0 mode 2
Event: 352.325 Thread 0x000001e9e602b700 Uncommon trap: trap_request=0xffffffbe fr.pc=0x000001e9c0f0dd0c relative=0x000000000000058c
Event: 352.325 Thread 0x000001e9e602b700 Uncommon trap: reason=profile_predicate action=maybe_recompile pc=0x000001e9c0f0dd0c method=java.util.Arrays.binarySearch0([Ljava/lang/Object;IILjava/lang/Object;Ljava/util/Comparator;)I @ 25 c2
Event: 352.325 Thread 0x000001e9e602b700 DEOPT PACKING pc=0x000001e9c0f0dd0c sp=0x0000008c6ccf9c50
Event: 352.325 Thread 0x000001e9e602b700 DEOPT UNPACKING pc=0x000001e9c06d46a2 sp=0x0000008c6ccf9bf0 mode 2
Event: 383.977 Thread 0x000001e9e602b700 Uncommon trap: trap_request=0xffffff45 fr.pc=0x000001e9c0e7a7e0 relative=0x0000000000000340
Event: 383.979 Thread 0x000001e9e602b700 Uncommon trap: reason=unstable_if action=reinterpret pc=0x000001e9c0e7a7e0 method=java.util.HashMap.putVal(ILjava/lang/Object;Ljava/lang/Object;ZZ)Ljava/lang/Object; @ 162 c2
Event: 383.979 Thread 0x000001e9e602b700 DEOPT PACKING pc=0x000001e9c0e7a7e0 sp=0x0000008c6ccfa5b0
Event: 383.981 Thread 0x000001e9e602b700 DEOPT UNPACKING pc=0x000001e9c06d46a2 sp=0x0000008c6ccfa4c0 mode 2
Event: 387.772 Thread 0x000001e9e602b700 Uncommon trap: trap_request=0xffffffde fr.pc=0x000001e9c0eae390 relative=0x0000000000000070
Event: 387.772 Thread 0x000001e9e602b700 Uncommon trap: reason=class_check action=maybe_recompile pc=0x000001e9c0eae390 method=java.util.stream.StreamOpFlag.fromCharacteristics(Ljava/util/Spliterator;)I @ 14 c2
Event: 387.772 Thread 0x000001e9e602b700 DEOPT PACKING pc=0x000001e9c0eae390 sp=0x0000008c6ccfa400
Event: 387.773 Thread 0x000001e9e602b700 DEOPT UNPACKING pc=0x000001e9c06d46a2 sp=0x0000008c6ccfa398 mode 2

Classes loaded (20 events):
Event: 241.343 Loading class sun/nio/ch/Streams
Event: 241.344 Loading class sun/nio/ch/Streams done
Event: 241.344 Loading class sun/nio/ch/ChannelInputStream
Event: 241.363 Loading class sun/nio/ch/ChannelInputStream done
Event: 305.348 Loading class java/util/stream/SortedOps
Event: 305.408 Loading class java/util/stream/SortedOps done
Event: 305.408 Loading class java/util/stream/SortedOps$OfRef
Event: 305.418 Loading class java/util/stream/SortedOps$OfRef done
Event: 305.585 Loading class java/util/stream/SortedOps$SizedRefSortingSink
Event: 305.624 Loading class java/util/stream/SortedOps$AbstractRefSortingSink
Event: 305.655 Loading class java/util/stream/SortedOps$AbstractRefSortingSink done
Event: 305.655 Loading class java/util/stream/SortedOps$SizedRefSortingSink done
Event: 366.863 Loading class java/lang/ThreadDeath
Event: 367.053 Loading class java/lang/ThreadDeath done
Event: 367.485 Loading class sun/misc/SharedSecrets
Event: 367.488 Loading class sun/misc/SharedSecrets done
Event: 387.740 Loading class java/util/BitSet$1BitSetSpliterator
Event: 387.771 Loading class java/util/BitSet$1BitSetSpliterator done
Event: 391.415 Loading class sun/nio/fs/WindowsException
Event: 391.658 Loading class sun/nio/fs/WindowsException done

Classes unloaded (0 events):
No events

Classes redefined (0 events):
No events

Internal exceptions (20 events):
Event: 374.049 Thread 0x000001e9e602b700 Exception <a 'java/lang/ClassNotFoundException'{0x00000000ee7cf4d0}: org/gradle/configuration/internal/DefaultListenerBuildOperationDecorator$BuildOperationEmittingClosureBeanInfo> (0x00000000ee7cf4d0) 
thrown [s\src\hotspot\share\classfile\systemDictionary.cpp, line 313]
Event: 374.086 Thread 0x000001e9e602b700 Exception <a 'java/lang/ClassNotFoundException'{0x00000000ee7df170}: org/gradle/configuration/internal/DefaultListenerBuildOperationDecorator$BuildOperationEmittingClosureCustomizer> (0x00000000ee7df170) 
thrown [s\src\hotspot\share\classfile\systemDictionary.cpp, line 313]
Event: 378.277 Thread 0x000001e9e602b700 Exception <a 'java/lang/ClassNotFoundException'{0x00000000ee24f6e0}: groovy/lang/ReferenceBeanInfo> (0x00000000ee24f6e0) 
thrown [s\src\hotspot\share\classfile\systemDictionary.cpp, line 313]
Event: 378.424 Thread 0x000001e9e602b700 Exception <a 'java/lang/ClassNotFoundException'{0x00000000ee25da50}: groovy/lang/ReferenceCustomizer> (0x00000000ee25da50) 
thrown [s\src\hotspot\share\classfile\systemDictionary.cpp, line 313]
Event: 388.892 Thread 0x000001e9e602b700 Exception <a 'java/lang/IncompatibleClassChangeError'{0x00000000ee05fd00}: Found class java.lang.Object, but interface was expected> (0x00000000ee05fd00) 
thrown [s\src\hotspot\share\interpreter\linkResolver.cpp, line 841]
Event: 391.662 Thread 0x000001e9e602b700 Exception <a 'sun/nio/fs/WindowsException'{0x00000000ee094e80}> (0x00000000ee094e80) 
thrown [s\src\hotspot\share\prims\jni.cpp, line 520]
Event: 392.021 Thread 0x000001e9e602b700 Exception <a 'sun/nio/fs/WindowsException'{0x00000000ee0963a8}> (0x00000000ee0963a8) 
thrown [s\src\hotspot\share\prims\jni.cpp, line 520]
Event: 392.022 Thread 0x000001e9e602b700 Exception <a 'sun/nio/fs/WindowsException'{0x00000000ee097878}> (0x00000000ee097878) 
thrown [s\src\hotspot\share\prims\jni.cpp, line 520]
Event: 392.025 Thread 0x000001e9e602b700 Exception <a 'sun/nio/fs/WindowsException'{0x00000000ee098d58}> (0x00000000ee098d58) 
thrown [s\src\hotspot\share\prims\jni.cpp, line 520]
Event: 408.092 Thread 0x000001e9e602b700 Exception <a 'java/lang/IncompatibleClassChangeError'{0x00000000ede802e0}: Found class java.lang.Object, but interface was expected> (0x00000000ede802e0) 
thrown [s\src\hotspot\share\interpreter\linkResolver.cpp, line 841]
Event: 438.459 Thread 0x000001e9e602b700 Exception <a 'java/lang/ClassNotFoundException'{0x00000000edb0bbd8}: settings_51ntnwwh712635szzlntwyr7bBeanInfo> (0x00000000edb0bbd8) 
thrown [s\src\hotspot\share\classfile\systemDictionary.cpp, line 313]
Event: 438.521 Thread 0x000001e9e602b700 Exception <a 'java/lang/ClassNotFoundException'{0x00000000edb15530}: org/gradle/initialization/SettingsScriptBeanInfo> (0x00000000edb15530) 
thrown [s\src\hotspot\share\classfile\systemDictionary.cpp, line 313]
Event: 438.543 Thread 0x000001e9e602b700 Exception <a 'java/lang/ClassNotFoundException'{0x00000000edb1f338}: org/gradle/plugin/use/internal/PluginsAwareScriptBeanInfo> (0x00000000edb1f338) 
thrown [s\src\hotspot\share\classfile\systemDictionary.cpp, line 313]
Event: 438.677 Thread 0x000001e9e602b700 Exception <a 'java/lang/ClassNotFoundException'{0x00000000edb29138}: org/gradle/plugin/use/internal/PluginsAwareScriptCustomizer> (0x00000000edb29138) 
thrown [s\src\hotspot\share\classfile\systemDictionary.cpp, line 313]
Event: 438.894 Thread 0x000001e9e602b700 Exception <a 'java/lang/ClassNotFoundException'{0x00000000edb3ade8}: org/gradle/initialization/SettingsScriptCustomizer> (0x00000000edb3ade8) 
thrown [s\src\hotspot\share\classfile\systemDictionary.cpp, line 313]
Event: 438.920 Thread 0x000001e9e602b700 Exception <a 'java/lang/ClassNotFoundException'{0x00000000edb483a0}: settings_51ntnwwh712635szzlntwyr7bCustomizer> (0x00000000edb483a0) 
thrown [s\src\hotspot\share\classfile\systemDictionary.cpp, line 313]
Event: 439.929 Thread 0x000001e9e602b700 Exception <a 'java/lang/ClassNotFoundException'{0x00000000edbdc660}: org/gradle/initialization/DefaultSettings_DecoratedBeanInfo> (0x00000000edbdc660) 
thrown [s\src\hotspot\share\classfile\systemDictionary.cpp, line 313]
Event: 439.950 Thread 0x000001e9e602b700 Exception <a 'java/lang/ClassNotFoundException'{0x00000000edbeacc0}: org/gradle/initialization/DefaultSettingsBeanInfo> (0x00000000edbeacc0) 
thrown [s\src\hotspot\share\classfile\systemDictionary.cpp, line 313]
Event: 439.978 Thread 0x000001e9e602b700 Exception <a 'java/lang/ClassNotFoundException'{0x00000000edbf8eb8}: org/gradle/initialization/DefaultSettingsCustomizer> (0x00000000edbf8eb8) 
thrown [s\src\hotspot\share\classfile\systemDictionary.cpp, line 313]
Event: 440.578 Thread 0x000001e9e602b700 Exception <a 'java/lang/ClassNotFoundException'{0x00000000eda487c8}: org/gradle/initialization/DefaultSettings_DecoratedCustomizer> (0x00000000eda487c8) 
thrown [s\src\hotspot\share\classfile\systemDictionary.cpp, line 313]

ZGC Phase Switch (0 events):
No events

VM Operations (20 events):
Event: 407.163 Executing VM operation: Cleanup
Event: 407.347 Executing VM operation: Cleanup done
Event: 408.360 Executing VM operation: Cleanup
Event: 408.670 Executing VM operation: Cleanup done
Event: 416.756 Executing VM operation: Cleanup
Event: 417.113 Executing VM operation: Cleanup done
Event: 418.119 Executing VM operation: Cleanup
Event: 418.750 Executing VM operation: Cleanup done
Event: 420.763 Executing VM operation: Cleanup
Event: 420.980 Executing VM operation: Cleanup done
Event: 423.001 Executing VM operation: Cleanup
Event: 423.174 Executing VM operation: Cleanup done
Event: 435.348 Executing VM operation: Cleanup
Event: 435.379 Executing VM operation: Cleanup done
Event: 438.401 Executing VM operation: Cleanup
Event: 438.416 Executing VM operation: Cleanup done
Event: 439.429 Executing VM operation: Cleanup
Event: 439.432 Executing VM operation: Cleanup done
Event: 440.441 Executing VM operation: Cleanup
Event: 440.514 Executing VM operation: Cleanup done

Memory protections (0 events):
No events

Nmethod flushes (20 events):
Event: 206.291 Thread 0x000001e9cbd3dd10 flushing  nmethod 0x000001e9b951a190
Event: 206.291 Thread 0x000001e9cbd3dd10 flushing  nmethod 0x000001e9b951bc90
Event: 206.291 Thread 0x000001e9cbd3dd10 flushing  nmethod 0x000001e9b951d790
Event: 206.291 Thread 0x000001e9cbd3dd10 flushing  nmethod 0x000001e9b95e0710
Event: 206.292 Thread 0x000001e9cbd3dd10 flushing  nmethod 0x000001e9c0c7d410
Event: 206.292 Thread 0x000001e9cbd3dd10 flushing  nmethod 0x000001e9c0c80590
Event: 206.292 Thread 0x000001e9cbd3dd10 flushing  nmethod 0x000001e9b9170710
Event: 206.292 Thread 0x000001e9cbd3dd10 flushing  nmethod 0x000001e9b9172110
Event: 206.292 Thread 0x000001e9cbd3dd10 flushing  nmethod 0x000001e9b9175410
Event: 206.292 Thread 0x000001e9cbd3dd10 flushing  nmethod 0x000001e9b9177b10
Event: 206.292 Thread 0x000001e9cbd3dd10 flushing  nmethod 0x000001e9b937de90
Event: 206.292 Thread 0x000001e9cbd3dd10 flushing  nmethod 0x000001e9b9380090
Event: 206.292 Thread 0x000001e9cbd3dd10 flushing  nmethod 0x000001e9b9382510
Event: 206.292 Thread 0x000001e9cbd3dd10 flushing  nmethod 0x000001e9b9384c90
Event: 206.292 Thread 0x000001e9cbd3dd10 flushing  nmethod 0x000001e9b9385390
Event: 206.292 Thread 0x000001e9cbd3dd10 flushing  nmethod 0x000001e9b943ca10
Event: 206.292 Thread 0x000001e9cbd3dd10 flushing  nmethod 0x000001e9b9456110
Event: 206.292 Thread 0x000001e9cbd3dd10 flushing  nmethod 0x000001e9b94ac010
Event: 206.292 Thread 0x000001e9cbd3dd10 flushing  nmethod 0x000001e9b94ac710
Event: 206.292 Thread 0x000001e9cbd3dd10 flushing  nmethod 0x000001e9b959df90

Events (20 events):
Event: 61.848 Thread 0x000001e9e602b700 Thread added: 0x000001e9e602bd90
Event: 61.923 Thread 0x000001e9e602b700 Thread added: 0x000001e9e602de60
Event: 62.450 Thread 0x000001e9e602b700 Thread added: 0x000001e9e602c420
Event: 62.640 Thread 0x000001e9e602de60 Thread added: 0x000001e9e602d7d0
Event: 86.793 Thread 0x000001e9e602b700 Thread added: 0x000001e9e6bc5d20
Event: 87.404 Thread 0x000001e9e602b700 Thread added: 0x000001e9e6bc2f30
Event: 95.691 Thread 0x000001e9e602b700 Thread added: 0x000001e9e6bc7760
Event: 95.722 Thread 0x000001e9e602b700 Thread added: 0x000001e9e6bc14f0
Event: 117.555 Thread 0x000001e9e602b700 Thread added: 0x000001e9e6bc6a40
Event: 137.936 Thread 0x000001e9e602b700 Thread added: 0x000001e9e6bc70d0
Event: 189.774 Thread 0x000001e9e602b700 Thread added: 0x000001e9e6bc7df0
Event: 191.963 Thread 0x000001e9e602b700 Thread added: 0x000001e9e6bc35c0
Event: 202.482 Thread 0x000001e9e602b700 Thread added: 0x000001e9e6bc0e60
Event: 211.334 Thread 0x000001e9e602b700 Thread added: 0x000001e9e6bc4970
Event: 214.304 Thread 0x000001e9e602b700 Thread added: 0x000001e9e6bc1b80
Event: 237.590 Thread 0x000001e9e602b700 Thread added: 0x000001e9e6bc2210
Event: 242.611 Thread 0x000001e9e602b700 Thread added: 0x000001e9e6bc28a0
Event: 343.188 Thread 0x000001e9e602b700 Thread added: 0x000001e9e6bc3c50
Event: 398.950 Thread 0x000001e9e602b700 Thread added: 0x000001e9e6bc42e0
Event: 422.769 Thread 0x000001e9e602b700 Thread added: 0x000001e9e6bc5000


Dynamic libraries:
0x00007ff78b130000 - 0x00007ff78b13e000 	C:\Users\marco\.jdks\corretto-22.0.2\bin\java.exe
0x00007ffae4430000 - 0x00007ffae4647000 	C:\Windows\SYSTEM32\ntdll.dll
0x00007ffae2db0000 - 0x00007ffae2e74000 	C:\Windows\System32\KERNEL32.DLL
0x00007ffae1c90000 - 0x00007ffae2060000 	C:\Windows\System32\KERNELBASE.dll
0x00007ffae1ad0000 - 0x00007ffae1be1000 	C:\Windows\System32\ucrtbase.dll
0x00007ffad0ec0000 - 0x00007ffad0ed7000 	C:\Users\marco\.jdks\corretto-22.0.2\bin\jli.dll
0x00007ffae4000000 - 0x00007ffae41ae000 	C:\Windows\System32\USER32.dll
0x00007ffae1900000 - 0x00007ffae1926000 	C:\Windows\System32\win32u.dll
0x00007ffae2d70000 - 0x00007ffae2d99000 	C:\Windows\System32\GDI32.dll
0x00007ffae1760000 - 0x00007ffae187b000 	C:\Windows\System32\gdi32full.dll
0x00007ffae1bf0000 - 0x00007ffae1c8a000 	C:\Windows\System32\msvcp_win.dll
0x00007ffad02a0000 - 0x00007ffad02bb000 	C:\Users\marco\.jdks\corretto-22.0.2\bin\VCRUNTIME140.dll
0x00007ffae0a80000 - 0x00007ffae0d12000 	C:\Windows\WinSxS\amd64_microsoft.windows.common-controls_6595b64144ccf1df_6.0.22621.4830_none_270fe7d773858e80\COMCTL32.dll
0x00007ffae2b40000 - 0x00007ffae2be7000 	C:\Windows\System32\msvcrt.dll
0x00007ffae3fa0000 - 0x00007ffae3fd1000 	C:\Windows\System32\IMM32.DLL
0x00007ffad9d80000 - 0x00007ffad9d8c000 	C:\Users\marco\.jdks\corretto-22.0.2\bin\vcruntime140_1.dll
0x00007ffabd360000 - 0x00007ffabd3ed000 	C:\Users\marco\.jdks\corretto-22.0.2\bin\msvcp140.dll
0x00007ffa2b6d0000 - 0x00007ffa2c4a1000 	C:\Users\marco\.jdks\corretto-22.0.2\bin\server\jvm.dll
0x00007ffae22b0000 - 0x00007ffae2361000 	C:\Windows\System32\ADVAPI32.dll
0x00007ffae2120000 - 0x00007ffae21c7000 	C:\Windows\System32\sechost.dll
0x00007ffae1aa0000 - 0x00007ffae1ac8000 	C:\Windows\System32\bcrypt.dll
0x00007ffae3e80000 - 0x00007ffae3f94000 	C:\Windows\System32\RPCRT4.dll
0x00007ffae3e00000 - 0x00007ffae3e71000 	C:\Windows\System32\WS2_32.dll
0x00007ffae0ff0000 - 0x00007ffae103d000 	C:\Windows\SYSTEM32\POWRPROF.dll
0x00007ffadbda0000 - 0x00007ffadbdd4000 	C:\Windows\SYSTEM32\WINMM.dll
0x00007ffad9770000 - 0x00007ffad977a000 	C:\Windows\SYSTEM32\VERSION.dll
0x00007ffae0ec0000 - 0x00007ffae0ed3000 	C:\Windows\SYSTEM32\UMPDC.dll
0x00007ffadfeb0000 - 0x00007ffadfec8000 	C:\Windows\SYSTEM32\kernel.appcore.dll
0x00007ffad3d20000 - 0x00007ffad3d2a000 	C:\Users\marco\.jdks\corretto-22.0.2\bin\jimage.dll
0x00007ffae1040000 - 0x00007ffae1272000 	C:\Windows\SYSTEM32\DBGHELP.DLL
0x00007ffae3a70000 - 0x00007ffae3e00000 	C:\Windows\System32\combase.dll
0x00007ffae21d0000 - 0x00007ffae22a7000 	C:\Windows\System32\OLEAUT32.dll
0x00007ffac37f0000 - 0x00007ffac3822000 	C:\Windows\SYSTEM32\dbgcore.DLL
0x00007ffae16e0000 - 0x00007ffae175b000 	C:\Windows\System32\bcryptPrimitives.dll
0x00007ffad3af0000 - 0x00007ffad3afe000 	C:\Users\marco\.jdks\corretto-22.0.2\bin\instrument.dll
0x00007ffacd3b0000 - 0x00007ffacd3ce000 	C:\Users\marco\.jdks\corretto-22.0.2\bin\java.dll
0x00007ffae2ee0000 - 0x00007ffae3758000 	C:\Windows\System32\SHELL32.dll
0x00007ffae3810000 - 0x00007ffae39b1000 	C:\Windows\System32\ole32.dll
0x00007ffaded50000 - 0x00007ffadf660000 	C:\Windows\SYSTEM32\windows.storage.dll
0x00007ffadec10000 - 0x00007ffaded4f000 	C:\Windows\SYSTEM32\wintypes.dll
0x00007ffae29c0000 - 0x00007ffae2aca000 	C:\Windows\System32\SHCORE.dll
0x00007ffae2e80000 - 0x00007ffae2ede000 	C:\Windows\System32\shlwapi.dll
0x00007ffae1610000 - 0x00007ffae163b000 	C:\Windows\SYSTEM32\profapi.dll
0x00007ffaa0580000 - 0x00007ffaa0657000 	C:\Users\marco\.jdks\corretto-22.0.2\bin\jsvml.dll
0x00007ffacd300000 - 0x00007ffacd317000 	C:\Users\marco\.jdks\corretto-22.0.2\bin\zip.dll
0x00007ffad39e0000 - 0x00007ffad39f0000 	C:\Users\marco\.jdks\corretto-22.0.2\bin\net.dll
0x00007ffae0300000 - 0x00007ffae036a000 	C:\Windows\system32\mswsock.dll
0x00007ffacd0e0000 - 0x00007ffacd0f6000 	C:\Users\marco\.jdks\corretto-22.0.2\bin\nio.dll
0x00007ffad36a0000 - 0x00007ffad36b0000 	C:\Users\marco\.jdks\corretto-22.0.2\bin\verify.dll
0x00007ffab8120000 - 0x00007ffab8147000 	C:\Users\marco\.gradle\native\1def1411415f61bf3af743bc5b6707747c0891f09f0c88961ee8f79bc544acac\windows-amd64\native-platform.dll
0x00007ffaa9b50000 - 0x00007ffaa9bc8000 	C:\Users\marco\.gradle\native\0.2.7\x86_64-windows-gnu\gradle-fileevents.dll
0x00007ffad3690000 - 0x00007ffad3699000 	C:\Users\marco\.jdks\corretto-22.0.2\bin\management.dll
0x00007ffad3680000 - 0x00007ffad368b000 	C:\Users\marco\.jdks\corretto-22.0.2\bin\management_ext.dll
0x00007ffae2480000 - 0x00007ffae2488000 	C:\Windows\System32\PSAPI.DLL
0x00007ffadf900000 - 0x00007ffadf92d000 	C:\Windows\SYSTEM32\IPHLPAPI.DLL
0x00007ffae2da0000 - 0x00007ffae2da9000 	C:\Windows\System32\NSI.dll
0x00007ffad3470000 - 0x00007ffad3479000 	C:\Users\marco\.jdks\corretto-22.0.2\bin\extnet.dll
0x00007ffae1380000 - 0x00007ffae139b000 	C:\Windows\SYSTEM32\CRYPTSP.dll
0x00007ffae05e0000 - 0x00007ffae0615000 	C:\Windows\system32\rsaenh.dll
0x00007ffae03c0000 - 0x00007ffae03e8000 	C:\Windows\SYSTEM32\USERENV.dll
0x00007ffae05d0000 - 0x00007ffae05dc000 	C:\Windows\SYSTEM32\CRYPTBASE.dll
0x00007ffad33f0000 - 0x00007ffad33fe000 	C:\Users\marco\.jdks\corretto-22.0.2\bin\sunmscapi.dll
0x00007ffae1930000 - 0x00007ffae1a96000 	C:\Windows\System32\CRYPT32.dll
0x00007ffae0920000 - 0x00007ffae094d000 	C:\Windows\SYSTEM32\ncrypt.dll
0x00007ffae08e0000 - 0x00007ffae0917000 	C:\Windows\SYSTEM32\NTASN1.dll
0x00007ffadbfe0000 - 0x00007ffadbfe8000 	C:\Windows\system32\wshunix.dll

dbghelp: loaded successfully - version: 4.0.5 - missing functions: none
symbol engine: initialized successfully - sym options: 0x614 - pdb path: .;C:\Users\marco\.jdks\corretto-22.0.2\bin;C:\Windows\SYSTEM32;C:\Windows\WinSxS\amd64_microsoft.windows.common-controls_6595b64144ccf1df_6.0.22621.4830_none_270fe7d773858e80;C:\Users\marco\.jdks\corretto-22.0.2\bin\server;C:\Users\marco\.gradle\native\1def1411415f61bf3af743bc5b6707747c0891f09f0c88961ee8f79bc544acac\windows-amd64;C:\Users\marco\.gradle\native\0.2.7\x86_64-windows-gnu

VM Arguments:
jvm_args: --add-opens=java.base/java.lang=ALL-UNNAMED --add-opens=java.base/java.lang.invoke=ALL-UNNAMED --add-opens=java.base/java.util=ALL-UNNAMED --add-opens=java.prefs/java.util.prefs=ALL-UNNAMED --add-exports=jdk.compiler/com.sun.tools.javac.api=ALL-UNNAMED --add-exports=jdk.compiler/com.sun.tools.javac.util=ALL-UNNAMED --add-opens=java.base/java.util=ALL-UNNAMED --add-opens=java.prefs/java.util.prefs=ALL-UNNAMED --add-opens=java.base/java.nio.charset=ALL-UNNAMED --add-opens=java.base/java.net=ALL-UNNAMED --add-opens=java.base/java.util.concurrent.atomic=ALL-UNNAMED --add-opens=java.xml/javax.xml.namespace=ALL-UNNAMED -XX:MaxMetaspaceSize=384m -XX:+HeapDumpOnOutOfMemoryError -Xms256m -Xmx512m -Dfile.encoding=UTF-8 -Duser.country=US -Duser.language=en -Duser.variant -javaagent:C:\Users\marco\.gradle\wrapper\dists\gradle-8.13-bin\5xuhj0ry160q40clulazy9h7d\gradle-8.13\lib\agents\gradle-instrumentation-agent-8.13.jar 
java_command: org.gradle.launcher.daemon.bootstrap.GradleDaemon 8.13
java_class_path (initial): C:\Users\marco\.gradle\wrapper\dists\gradle-8.13-bin\5xuhj0ry160q40clulazy9h7d\gradle-8.13\lib\gradle-daemon-main-8.13.jar
Launcher Type: SUN_STANDARD

[Global flags]
     intx CICompilerCount                          = 4                                         {product} {ergonomic}
   size_t CompressedClassSpaceSize                 = 335544320                                 {product} {ergonomic}
     uint ConcGCThreads                            = 3                                         {product} {ergonomic}
     uint G1ConcRefinementThreads                  = 10                                        {product} {ergonomic}
   size_t G1HeapRegionSize                         = 1048576                                   {product} {ergonomic}
     bool HeapDumpOnOutOfMemoryError               = true                                   {manageable} {command line}
   size_t InitialHeapSize                          = 268435456                                 {product} {command line}
   size_t MarkStackSize                            = 4194304                                   {product} {ergonomic}
   size_t MaxHeapSize                              = 536870912                                 {product} {command line}
   size_t MaxMetaspaceSize                         = 402653184                                 {product} {command line}
   size_t MaxNewSize                               = 321912832                                 {product} {ergonomic}
   size_t MinHeapDeltaBytes                        = 1048576                                   {product} {ergonomic}
   size_t MinHeapSize                              = 268435456                                 {product} {command line}
    uintx NonNMethodCodeHeapSize                   = 5839372                                {pd product} {ergonomic}
    uintx NonProfiledCodeHeapSize                  = 122909434                              {pd product} {ergonomic}
    uintx ProfiledCodeHeapSize                     = 122909434                              {pd product} {ergonomic}
    uintx ReservedCodeCacheSize                    = 251658240                              {pd product} {ergonomic}
     bool SegmentedCodeCache                       = true                                      {product} {ergonomic}
   size_t SoftMaxHeapSize                          = 536870912                              {manageable} {ergonomic}
     bool UseCompressedOops                        = true                           {product lp64_product} {ergonomic}
     bool UseG1GC                                  = true                                      {product} {ergonomic}
     bool UseLargePagesIndividualAllocation        = false                                  {pd product} {ergonomic}

Logging:
Log output configuration:
 #0: stdout all=warning uptime,level,tags foldmultilines=false
 #1: stderr all=off uptime,level,tags foldmultilines=false

Environment Variables:
JAVA_HOME=C:\Program Files\Java\jdk-21
PATH=C:\Program Files\Common Files\Oracle\Java\javapath;C:\Windows\system32;C:\Windows;C:\Windows\System32\Wbem;C:\Windows\System32\WindowsPowerShell\v1.0\;C:\Windows\System32\OpenSSH\;C:\Program Files\Git\cmd;C:\Program Files\Docker\Docker\resources\bin;C:\Program Files\Amazon\AWSCLIV2\;C:\terraform_1.9.7_windows_amd64\;C:\kind\;C:\helm\;C:\Program Files\Java\jdk-21\bin;C:\Program Files\PuTTY\;C:\Users\marco\AppData\Local\Programs\Python\Launcher\;C:\Users\marco\AppData\Local\Microsoft\WindowsApps;C:\flutter\src\flutter\bin;C:\Program Files\PostgreSQL\17\bin;
USERNAME=marco
OS=Windows_NT
PROCESSOR_IDENTIFIER=AMD64 Family 25 Model 80 Stepping 0, AuthenticAMD
TMP=C:\Users\marco\AppData\Local\Temp
TEMP=C:\Users\marco\AppData\Local\Temp




Periodic native trim disabled

---------------  S Y S T E M  ---------------

OS:
 Windows 11 , 64 bit Build 22621 (10.0.22621.4830)
OS uptime: 36 days 15:30 hours
Hyper-V role detected

CPU: total 12 (initial active 12) (12 cores per cpu, 2 threads per core) family 25 model 80 stepping 0 microcode 0x0, cx8, cmov, fxsr, ht, mmx, 3dnowpref, sse, sse2, sse3, ssse3, sse4a, sse4.1, sse4.2, popcnt, lzcnt, tsc, tscinvbit, avx, avx2, aes, erms, clmul, bmi1, bmi2, adx, sha, fma, vzeroupper, clflush, clflushopt, hv, rdtscp, rdpid, fsrm, f16c, cet_ss
Processor Information for all 12 processors :
  Max Mhz: 2000, Current Mhz: 2000, Mhz Limit: 2000

Memory: 4k page, system-wide physical 5981M (14M free)
TotalPageFile size 24413M (AvailPageFile size 5M)
current process WorkingSet (physical memory assigned to process): 36M, peak: 112M
current process commit charge ("private bytes"): 449M, peak: 458M

vm_info: OpenJDK 64-Bit Server VM (22.0.2+9-FR) for windows-amd64 JRE (22.0.2+9-FR), built on 2024-07-09T01:10:09Z by "Administrator" with MS VC++ 16.10 / 16.11 (VS2019)

END.
